#
# There is insufficient memory for the Java Runtime Environment to continue.
# Native memory allocation (malloc) failed to allocate 32744 bytes for ChunkPool::allocate
# Possible reasons:
#   The system is out of physical RAM or swap space
#   The process is running with CompressedOops enabled, and the Java Heap may be blocking the growth of the native heap
# Possible solutions:
#   Reduce memory load on the system
#   Increase physical memory or swap space
#   Check if swap backing store is full
#   Decrease Java heap size (-Xmx/-Xms)
#   Decrease number of Java threads
#   Decrease Java thread stack sizes (-Xss)
#   Set larger code cache with -XX:ReservedCodeCacheSize=
#   JVM is running with Unscaled Compressed Oops mode in which the Java heap is
#     placed in the first 4GB address space. The Java Heap base address is the
#     maximum limit for the native heap growth. Please use -XX:HeapBaseMinAddress
#     to set the Java Heap base and to place the Java Heap above 4GB virtual address.
# This output file may be truncated or incomplete.
#
#  Out of Memory Error (./src/hotspot/share/memory/arena.cpp:81), pid=13648, tid=15452
#
# JRE version: OpenJDK Runtime Environment Corretto-11.0.18.10.1 (11.0.18+10) (build 11.0.18+10-LTS)
# Java VM: OpenJDK 64-Bit Server VM Corretto-11.0.18.10.1 (11.0.18+10-LTS, mixed mode, tiered, compressed oops, g1 gc, windows-amd64)
# No core dump will be written. Minidumps are not enabled by default on client versions of Windows
#

---------------  S U M M A R Y ------------

Command Line: --add-opens=java.base/java.util=ALL-UNNAMED --add-opens=java.base/java.lang=ALL-UNNAMED --add-opens=java.base/java.lang.invoke=ALL-UNNAMED --add-opens=java.prefs/java.util.prefs=ALL-UNNAMED --add-opens=java.base/java.nio.charset=ALL-UNNAMED --add-opens=java.base/java.net=ALL-UNNAMED --add-opens=java.base/java.util.concurrent.atomic=ALL-UNNAMED -XX:MaxMetaspaceSize=256m -XX:+HeapDumpOnOutOfMemoryError -Xms256m -Xmx512m -Dfile.encoding=windows-1252 -Duser.country=MX -Duser.language=es -Duser.variant org.gradle.launcher.daemon.bootstrap.GradleDaemon 7.6

Host: Intel(R) Core(TM) i7-5500U CPU @ 2.40GHz, 4 cores, 7G,  Windows 10 , 64 bit Build 19041 (10.0.19041.2546)
Time: Thu Mar 23 16:07:11 2023 Hora estándar de Argentina elapsed time: 43.739636 seconds (0d 0h 0m 43s)

---------------  T H R E A D  ---------------

Current thread (0x000001ecbde7b000):  JavaThread "C1 CompilerThread0" daemon [_thread_in_native, id=15452, stack(0x00000038ef200000,0x00000038ef300000)]


Current CompileTask:
C1:  43739 12538       3       org.gradle.internal.io.LineBufferingOutputStream::write (59 bytes)

Stack: [0x00000038ef200000,0x00000038ef300000]
Native frames: (J=compiled Java code, j=interpreted, Vv=VM code, C=native code)
V  [jvm.dll+0x622d9a]
V  [jvm.dll+0x7b0289]
V  [jvm.dll+0x7b1978]
V  [jvm.dll+0x7b2053]
V  [jvm.dll+0x24fe08]
V  [jvm.dll+0xc28ab]
V  [jvm.dll+0xc2c0c]
V  [jvm.dll+0x15e13c]
V  [jvm.dll+0x15646e]
V  [jvm.dll+0x142920]
V  [jvm.dll+0x12ad19]
V  [jvm.dll+0x12a61f]
V  [jvm.dll+0x12a84f]
V  [jvm.dll+0x129af4]
V  [jvm.dll+0x12ba07]
V  [jvm.dll+0x217ac4]
V  [jvm.dll+0x215d0b]
V  [jvm.dll+0x772d90]
V  [jvm.dll+0x76bcc4]
V  [jvm.dll+0x621c05]
C  [ucrtbase.dll+0x21bb2]
C  [KERNEL32.DLL+0x17614]
C  [ntdll.dll+0x526a1]


---------------  P R O C E S S  ---------------

Threads class SMR info:
_java_thread_list=0x000001ecc4ac1a50, length=99, elements={
0x000001eca2ecd800, 0x000001ecbde5f800, 0x000001ecbde61000, 0x000001ecbde71000,
0x000001ecbde74000, 0x000001ecbde76800, 0x000001ecbde79800, 0x000001ecbde7b000,
0x000001ecbde87800, 0x000001ecbe955000, 0x000001ecc0378800, 0x000001ecc0abb000,
0x000001ecc1e3f800, 0x000001ecc0d53000, 0x000001ecc0935800, 0x000001ecbf51d000,
0x000001ecc0be5800, 0x000001ecc130d000, 0x000001ecbeead800, 0x000001ecbf469800,
0x000001ecbf00e800, 0x000001ecbf00e000, 0x000001ecbf011000, 0x000001ecbf010800,
0x000001ecbf013000, 0x000001ecbf012000, 0x000001ecbf013800, 0x000001ecbf014800,
0x000001ecbf00f800, 0x000001ecc1683000, 0x000001ecc1683800, 0x000001ecc1682000,
0x000001ecc1687000, 0x000001ecc1688800, 0x000001ecc168a000, 0x000001ecc1685800,
0x000001ecc1686000, 0x000001ecc1684800, 0x000001ecc168c800, 0x000001ecc168d800,
0x000001ecc168b000, 0x000001ecc168f000, 0x000001ecc168e800, 0x000001ecc1689800,
0x000001ecc1690000, 0x000001ecc168c000, 0x000001ecc1691000, 0x000001ecc49aa800,
0x000001ecc49ab800, 0x000001ecc49ad800, 0x000001ecc49a8000, 0x000001ecc49ae800,
0x000001ecc49a9000, 0x000001ecc49ad000, 0x000001ecc49af800, 0x000001ecc49ac000,
0x000001ecc49a9800, 0x000001ecc49b0000, 0x000001ecc49b2000, 0x000001ecc49b6000,
0x000001ecc49b1000, 0x000001ecc49b6800, 0x000001ecc49b2800, 0x000001ecc49b3800,
0x000001ecc49b4000, 0x000001ecc49b5000, 0x000001ecc4e36800, 0x000001ecc4e37000,
0x000001ecc4e33000, 0x000001ecc4e38000, 0x000001ecc4e34000, 0x000001ecc4e32800,
0x000001ecc4e39800, 0x000001ecc4e3a800, 0x000001ecc4e39000, 0x000001ecc4e35800,
0x000001ecc4e34800, 0x000001ecc4e3d800, 0x000001ecc4e3d000, 0x000001ecc4e3f800,
0x000001ecc4e3e800, 0x000001ecc4e40000, 0x000001ecc4e3c000, 0x000001ecc4e3b800,
0x000001ecc44df800, 0x000001ecc44de000, 0x000001ecc44e4800, 0x000001ecc44e1800,
0x000001ecc44e0800, 0x000001ecc44e2000, 0x000001ecc44e3000, 0x000001ecc44df000,
0x000001ecc44e8000, 0x000001ecc44e5800, 0x000001ecc44ea800, 0x000001ecc44e8800,
0x000001ecc44e9800, 0x000001ecc44eb000, 0x000001ecc44e6800
}

Java Threads: ( => current thread )
  0x000001eca2ecd800 JavaThread "main" [_thread_blocked, id=12760, stack(0x00000038ee500000,0x00000038ee600000)]
  0x000001ecbde5f800 JavaThread "Reference Handler" daemon [_thread_blocked, id=18160, stack(0x00000038eec00000,0x00000038eed00000)]
  0x000001ecbde61000 JavaThread "Finalizer" daemon [_thread_blocked, id=14248, stack(0x00000038eed00000,0x00000038eee00000)]
  0x000001ecbde71000 JavaThread "Signal Dispatcher" daemon [_thread_blocked, id=10960, stack(0x00000038eee00000,0x00000038eef00000)]
  0x000001ecbde74000 JavaThread "Attach Listener" daemon [_thread_blocked, id=6580, stack(0x00000038eef00000,0x00000038ef000000)]
  0x000001ecbde76800 JavaThread "Service Thread" daemon [_thread_blocked, id=11712, stack(0x00000038ef000000,0x00000038ef100000)]
  0x000001ecbde79800 JavaThread "C2 CompilerThread0" daemon [_thread_in_native, id=10216, stack(0x00000038ef100000,0x00000038ef200000)]
=>0x000001ecbde7b000 JavaThread "C1 CompilerThread0" daemon [_thread_in_native, id=15452, stack(0x00000038ef200000,0x00000038ef300000)]
  0x000001ecbde87800 JavaThread "Sweeper thread" daemon [_thread_blocked, id=14132, stack(0x00000038ef300000,0x00000038ef400000)]
  0x000001ecbe955000 JavaThread "Common-Cleaner" daemon [_thread_blocked, id=13676, stack(0x00000038ef400000,0x00000038ef500000)]
  0x000001ecc0378800 JavaThread "Daemon health stats" [_thread_blocked, id=11816, stack(0x00000038efa00000,0x00000038efb00000)]
  0x000001ecc0abb000 JavaThread "Incoming local TCP Connector on port 51257" [_thread_in_native, id=14000, stack(0x00000038ef600000,0x00000038ef700000)]
  0x000001ecc1e3f800 JavaThread "Daemon periodic checks" [_thread_blocked, id=6240, stack(0x00000038efb00000,0x00000038efc00000)]
  0x000001ecc0d53000 JavaThread "Daemon" [_thread_blocked, id=10948, stack(0x00000038efc00000,0x00000038efd00000)]
  0x000001ecc0935800 JavaThread "Handler for socket connection from /127.0.0.1:51257 to /127.0.0.1:51258" [_thread_in_native, id=13696, stack(0x00000038efd00000,0x00000038efe00000)]
  0x000001ecbf51d000 JavaThread "Cancel handler" [_thread_blocked, id=10980, stack(0x00000038efe00000,0x00000038eff00000)]
  0x000001ecc0be5800 JavaThread "Daemon worker" [_thread_blocked, id=4916, stack(0x00000038eff00000,0x00000038f0000000)]
  0x000001ecc130d000 JavaThread "Asynchronous log dispatcher for DefaultDaemonConnection: socket connection from /127.0.0.1:51257 to /127.0.0.1:51258" [_thread_blocked, id=13568, stack(0x00000038f0000000,0x00000038f0100000)]
  0x000001ecbeead800 JavaThread "Stdin handler" [_thread_blocked, id=11720, stack(0x00000038f0100000,0x00000038f0200000)]
  0x000001ecbf469800 JavaThread "Daemon client event forwarder" [_thread_blocked, id=2772, stack(0x00000038f0200000,0x00000038f0300000)]
  0x000001ecbf00e800 JavaThread "Cache worker for journal cache (C:\Users\Emi\.gradle\caches\journal-1)" [_thread_blocked, id=14232, stack(0x00000038f0300000,0x00000038f0400000)]
  0x000001ecbf00e000 JavaThread "File lock request listener" [_thread_in_native, id=9820, stack(0x00000038f0400000,0x00000038f0500000)]
  0x000001ecbf011000 JavaThread "Cache worker for file hash cache (C:\Users\Emi\.gradle\caches\7.6\fileHashes)" [_thread_blocked, id=15976, stack(0x00000038f0500000,0x00000038f0600000)]
  0x000001ecbf010800 JavaThread "File watcher server" daemon [_thread_in_native, id=6772, stack(0x00000038f0700000,0x00000038f0800000)]
  0x000001ecbf013000 JavaThread "File watcher consumer" daemon [_thread_in_native, id=17888, stack(0x00000038f0800000,0x00000038f0900000)]
  0x000001ecbf012000 JavaThread "Cache worker for checksums cache (C:\Users\Emi\Desktop\mindhub\homebanking2\.gradle\7.6\checksums)" [_thread_blocked, id=9360, stack(0x00000038f0600000,0x00000038f0700000)]
  0x000001ecbf013800 JavaThread "Cache worker for cache directory md-rule (C:\Users\Emi\.gradle\caches\7.6\md-rule)" [_thread_blocked, id=2060, stack(0x00000038f0900000,0x00000038f0a00000)]
  0x000001ecbf014800 JavaThread "Cache worker for file content cache (C:\Users\Emi\.gradle\caches\7.6\fileContent)" [_thread_blocked, id=14660, stack(0x00000038f0a00000,0x00000038f0b00000)]
  0x000001ecbf00f800 JavaThread "Cache worker for file hash cache (C:\Users\Emi\Desktop\mindhub\homebanking2\.gradle\7.6\fileHashes)" [_thread_blocked, id=13952, stack(0x00000038f0b00000,0x00000038f0c00000)]
  0x000001ecc1683000 JavaThread "Cache worker for cache directory md-supplier (C:\Users\Emi\.gradle\caches\7.6\md-supplier)" [_thread_blocked, id=17520, stack(0x00000038f0c00000,0x00000038f0d00000)]
  0x000001ecc1683800 JavaThread "Cache worker for execution history cache (C:\Users\Emi\.gradle\caches\7.6\executionHistory)" [_thread_blocked, id=1600, stack(0x00000038f0d00000,0x00000038f0e00000)]
  0x000001ecc1682000 JavaThread "jar transforms" [_thread_blocked, id=15588, stack(0x00000038f0e00000,0x00000038f0f00000)]
  0x000001ecc1687000 JavaThread "jar transforms Thread 2" [_thread_blocked, id=16256, stack(0x00000038f0f00000,0x00000038f1000000)]
  0x000001ecc1688800 JavaThread "jar transforms Thread 3" [_thread_blocked, id=12256, stack(0x00000038f1100000,0x00000038f1200000)]
  0x000001ecc168a000 JavaThread "jar transforms Thread 4" [_thread_blocked, id=11536, stack(0x00000038f1200000,0x00000038f1300000)]
  0x000001ecc1685800 JavaThread "Cache worker for dependencies-accessors (C:\Users\Emi\Desktop\mindhub\homebanking2\.gradle\7.6\dependencies-accessors)" [_thread_blocked, id=10732, stack(0x00000038f1300000,0x00000038f1400000)]
  0x000001ecc1686000 JavaThread "Cache worker for Build Output Cleanup Cache (C:\Users\Emi\Desktop\mindhub\homebanking2\.gradle\buildOutputCleanup)" [_thread_blocked, id=8292, stack(0x00000038f1000000,0x00000038f1100000)]
  0x000001ecc1684800 JavaThread "Unconstrained build operations" [_thread_blocked, id=8040, stack(0x00000038f1400000,0x00000038f1500000)]
  0x000001ecc168c800 JavaThread "Unconstrained build operations Thread 2" [_thread_blocked, id=9244, stack(0x00000038f1500000,0x00000038f1600000)]
  0x000001ecc168d800 JavaThread "Unconstrained build operations Thread 3" [_thread_blocked, id=16752, stack(0x00000038f1600000,0x00000038f1700000)]
  0x000001ecc168b000 JavaThread "Unconstrained build operations Thread 4" [_thread_blocked, id=16376, stack(0x00000038f1700000,0x00000038f1800000)]
  0x000001ecc168f000 JavaThread "Unconstrained build operations Thread 5" [_thread_blocked, id=14212, stack(0x00000038f1800000,0x00000038f1900000)]
  0x000001ecc168e800 JavaThread "Unconstrained build operations Thread 6" [_thread_blocked, id=7236, stack(0x00000038f1900000,0x00000038f1a00000)]
  0x000001ecc1689800 JavaThread "Unconstrained build operations Thread 7" [_thread_blocked, id=5760, stack(0x00000038f1a00000,0x00000038f1b00000)]
  0x000001ecc1690000 JavaThread "Unconstrained build operations Thread 8" [_thread_blocked, id=12028, stack(0x00000038f1b00000,0x00000038f1c00000)]
  0x000001ecc168c000 JavaThread "Unconstrained build operations Thread 9" [_thread_blocked, id=17388, stack(0x00000038f1c00000,0x00000038f1d00000)]
  0x000001ecc1691000 JavaThread "Unconstrained build operations Thread 10" [_thread_blocked, id=17300, stack(0x00000038f1d00000,0x00000038f1e00000)]
  0x000001ecc49aa800 JavaThread "Unconstrained build operations Thread 11" [_thread_blocked, id=14408, stack(0x00000038f1e00000,0x00000038f1f00000)]
  0x000001ecc49ab800 JavaThread "Unconstrained build operations Thread 12" [_thread_blocked, id=17956, stack(0x00000038f1f00000,0x00000038f2000000)]
  0x000001ecc49ad800 JavaThread "Unconstrained build operations Thread 13" [_thread_blocked, id=14936, stack(0x00000038f2000000,0x00000038f2100000)]
  0x000001ecc49a8000 JavaThread "Unconstrained build operations Thread 14" [_thread_blocked, id=11784, stack(0x00000038f2100000,0x00000038f2200000)]
  0x000001ecc49ae800 JavaThread "Unconstrained build operations Thread 15" [_thread_blocked, id=1904, stack(0x00000038f2200000,0x00000038f2300000)]
  0x000001ecc49a9000 JavaThread "Unconstrained build operations Thread 16" [_thread_blocked, id=9092, stack(0x00000038f2300000,0x00000038f2400000)]
  0x000001ecc49ad000 JavaThread "Unconstrained build operations Thread 17" [_thread_blocked, id=5732, stack(0x00000038f2400000,0x00000038f2500000)]
  0x000001ecc49af800 JavaThread "Unconstrained build operations Thread 18" [_thread_blocked, id=13260, stack(0x00000038f2500000,0x00000038f2600000)]
  0x000001ecc49ac000 JavaThread "Memory manager" [_thread_blocked, id=17720, stack(0x00000038f2600000,0x00000038f2700000)]
  0x000001ecc49a9800 JavaThread "included builds" [_thread_blocked, id=14052, stack(0x00000038f2700000,0x00000038f2800000)]
  0x000001ecc49b0000 JavaThread "Execution worker" [_thread_blocked, id=8548, stack(0x00000038f2800000,0x00000038f2900000)]
  0x000001ecc49b2000 JavaThread "Execution worker Thread 2" [_thread_blocked, id=15836, stack(0x00000038f2900000,0x00000038f2a00000)]
  0x000001ecc49b6000 JavaThread "Execution worker Thread 3" [_thread_blocked, id=1892, stack(0x00000038f2a00000,0x00000038f2b00000)]
  0x000001ecc49b1000 JavaThread "Cache worker for execution history cache (C:\Users\Emi\Desktop\mindhub\homebanking2\.gradle\7.6\executionHistory)" [_thread_blocked, id=2608, stack(0x00000038f2b00000,0x00000038f2c00000)]
  0x000001ecc49b6800 JavaThread "Unconstrained build operations Thread 19" [_thread_blocked, id=13220, stack(0x00000038f2c00000,0x00000038f2d00000)]
  0x000001ecc49b2800 JavaThread "Unconstrained build operations Thread 20" [_thread_blocked, id=14892, stack(0x00000038f2d00000,0x00000038f2e00000)]
  0x000001ecc49b3800 JavaThread "Unconstrained build operations Thread 21" [_thread_blocked, id=11336, stack(0x00000038f2e00000,0x00000038f2f00000)]
  0x000001ecc49b4000 JavaThread "Unconstrained build operations Thread 22" [_thread_blocked, id=5116, stack(0x00000038f2f00000,0x00000038f3000000)]
  0x000001ecc49b5000 JavaThread "Unconstrained build operations Thread 23" [_thread_blocked, id=16768, stack(0x00000038f3000000,0x00000038f3100000)]
  0x000001ecc4e36800 JavaThread "Unconstrained build operations Thread 24" [_thread_blocked, id=17852, stack(0x00000038f3100000,0x00000038f3200000)]
  0x000001ecc4e37000 JavaThread "Unconstrained build operations Thread 25" [_thread_blocked, id=18308, stack(0x00000038f3200000,0x00000038f3300000)]
  0x000001ecc4e33000 JavaThread "Unconstrained build operations Thread 26" [_thread_blocked, id=8792, stack(0x00000038f3300000,0x00000038f3400000)]
  0x000001ecc4e38000 JavaThread "Unconstrained build operations Thread 27" [_thread_blocked, id=2172, stack(0x00000038f3400000,0x00000038f3500000)]
  0x000001ecc4e34000 JavaThread "Unconstrained build operations Thread 28" [_thread_blocked, id=15700, stack(0x00000038f3500000,0x00000038f3600000)]
  0x000001ecc4e32800 JavaThread "Unconstrained build operations Thread 29" [_thread_blocked, id=12076, stack(0x00000038f3600000,0x00000038f3700000)]
  0x000001ecc4e39800 JavaThread "Unconstrained build operations Thread 30" [_thread_blocked, id=7476, stack(0x00000038f3700000,0x00000038f3800000)]
  0x000001ecc4e3a800 JavaThread "Unconstrained build operations Thread 31" [_thread_blocked, id=12144, stack(0x00000038f3800000,0x00000038f3900000)]
  0x000001ecc4e39000 JavaThread "Unconstrained build operations Thread 32" [_thread_blocked, id=16844, stack(0x00000038f3900000,0x00000038f3a00000)]
  0x000001ecc4e35800 JavaThread "Unconstrained build operations Thread 33" [_thread_blocked, id=8, stack(0x00000038f3a00000,0x00000038f3b00000)]
  0x000001ecc4e34800 JavaThread "Unconstrained build operations Thread 34" [_thread_blocked, id=3716, stack(0x00000038f3b00000,0x00000038f3c00000)]
  0x000001ecc4e3d800 JavaThread "Unconstrained build operations Thread 35" [_thread_blocked, id=15864, stack(0x00000038f3c00000,0x00000038f3d00000)]
  0x000001ecc4e3d000 JavaThread "Unconstrained build operations Thread 36" [_thread_blocked, id=12792, stack(0x00000038f3d00000,0x00000038f3e00000)]
  0x000001ecc4e3f800 JavaThread "Unconstrained build operations Thread 37" [_thread_blocked, id=5680, stack(0x00000038f3e00000,0x00000038f3f00000)]
  0x000001ecc4e3e800 JavaThread "Unconstrained build operations Thread 38" [_thread_blocked, id=18036, stack(0x00000038f3f00000,0x00000038f4000000)]
  0x000001ecc4e40000 JavaThread "Unconstrained build operations Thread 39" [_thread_blocked, id=18008, stack(0x00000038f4000000,0x00000038f4100000)]
  0x000001ecc4e3c000 JavaThread "Unconstrained build operations Thread 40" [_thread_blocked, id=832, stack(0x00000038f4100000,0x00000038f4200000)]
  0x000001ecc4e3b800 JavaThread "Cache worker for Java compile cache (C:\Users\Emi\.gradle\caches\7.6\javaCompile)" [_thread_blocked, id=5808, stack(0x00000038f4200000,0x00000038f4300000)]
  0x000001ecc44df800 JavaThread "Build operations" [_thread_blocked, id=6892, stack(0x00000038f4300000,0x00000038f4400000)]
  0x000001ecc44de000 JavaThread "Build operations Thread 2" [_thread_blocked, id=3420, stack(0x00000038f4400000,0x00000038f4500000)]
  0x000001ecc44e4800 JavaThread "Build operations Thread 3" [_thread_blocked, id=12360, stack(0x00000038f4500000,0x00000038f4600000)]
  0x000001ecc44e1800 JavaThread "Build operations Thread 4" [_thread_blocked, id=16996, stack(0x00000038f4600000,0x00000038f4700000)]
  0x000001ecc44e0800 JavaThread "Dispatch org.gradle.api.internal.tasks.testing.results.AttachParentTestResultProcessor@23a45bdc" [_thread_blocked, id=16340, stack(0x00000038f4800000,0x00000038f4900000)]
  0x000001ecc44e2000 JavaThread "Dispatch org.gradle.api.internal.tasks.testing.processors.RestartEveryNTestClassProcessor@1b0860f4" [_thread_blocked, id=9524, stack(0x00000038f4900000,0x00000038f4a00000)]
  0x000001ecc44e3000 JavaThread "Incoming local TCP Connector on port 51262" [_thread_blocked, id=9704, stack(0x00000038f4a00000,0x00000038f4b00000)]
  0x000001ecc44df000 JavaThread "Exec process" [_thread_in_native, id=15920, stack(0x00000038f4b00000,0x00000038f4c00000)]
  0x000001ecc44e8000 JavaThread "Exec process Thread 2" [_thread_blocked, id=13152, stack(0x00000038f4d00000,0x00000038f4e00000)]
  0x000001ecc44e5800 JavaThread "Exec process Thread 3" [_thread_in_native, id=13108, stack(0x00000038f4e00000,0x00000038f4f00000)]
  0x000001ecc44ea800 JavaThread "Exec process Thread 4" [_thread_in_native, id=1748, stack(0x00000038f4f00000,0x00000038f5000000)]
  0x000001ecc44e8800 JavaThread "/127.0.0.1:51262 to /127.0.0.1:51263 workers" [_thread_blocked, id=10636, stack(0x00000038f4c00000,0x00000038f4d00000)]
  0x000001ecc44e9800 JavaThread "/127.0.0.1:51262 to /127.0.0.1:51263 workers Thread 2" [_thread_blocked, id=1212, stack(0x00000038f5000000,0x00000038f5100000)]
  0x000001ecc44eb000 JavaThread "/127.0.0.1:51262 to /127.0.0.1:51263 workers Thread 3" [_thread_blocked, id=8344, stack(0x00000038f5100000,0x00000038f5200000)]
  0x000001ecc44e6800 JavaThread "/127.0.0.1:51262 to /127.0.0.1:51263 workers Thread 4" [_thread_in_native, id=5068, stack(0x00000038f5200000,0x00000038f5300000)]

Other Threads:
  0x000001ecbde2c800 VMThread "VM Thread" [stack: 0x00000038eeb00000,0x00000038eec00000] [id=13860]
  0x000001ecbe986000 WatcherThread [stack: 0x00000038ef500000,0x00000038ef600000] [id=15432]
  0x000001eca2ee6800 GCTaskThread "GC Thread#0" [stack: 0x00000038ee600000,0x00000038ee700000] [id=7104]
  0x000001ecbf1af000 GCTaskThread "GC Thread#1" [stack: 0x00000038ef700000,0x00000038ef800000] [id=9880]
  0x000001ecbf0d6000 GCTaskThread "GC Thread#2" [stack: 0x00000038ef800000,0x00000038ef900000] [id=3040]
  0x000001ecbec7d800 GCTaskThread "GC Thread#3" [stack: 0x00000038ef900000,0x00000038efa00000] [id=5420]
  0x000001eca2ef8000 ConcurrentGCThread "G1 Main Marker" [stack: 0x00000038ee700000,0x00000038ee800000] [id=7344]
  0x000001eca2ef9000 ConcurrentGCThread "G1 Conc#0" [stack: 0x00000038ee800000,0x00000038ee900000] [id=6416]
  0x000001eca2fae000 ConcurrentGCThread "G1 Refine#0" [stack: 0x00000038ee900000,0x00000038eea00000] [id=10448]
  0x000001ecbdcca800 ConcurrentGCThread "G1 Young RemSet Sampling" [stack: 0x00000038eea00000,0x00000038eeb00000] [id=12648]

Threads with active compile tasks:
C2 CompilerThread0    43804 12542       4       org.gradle.internal.logging.text.AbstractLineChoppingStyledTextOutput$2::execute (77 bytes)
C1 CompilerThread0    43804 12538       3       org.gradle.internal.io.LineBufferingOutputStream::write (59 bytes)

VM state:not at safepoint (normal execution)

VM Mutex/Monitor currently owned by a thread: None

Heap address: 0x00000000e0000000, size: 512 MB, Compressed Oops mode: 32-bit
Narrow klass base: 0x0000000000000000, Narrow klass shift: 3
Compressed class space size: 260046848 Address: 0x0000000100000000

Heap:
 garbage-first heap   total 262144K, used 90679K [0x00000000e0000000, 0x0000000100000000)
  region size 1024K, 38 young (38912K), 16 survivors (16384K)
 Metaspace       used 75840K, capacity 78432K, committed 78672K, reserved 323584K
  class space    used 9497K, capacity 10455K, committed 10496K, reserved 253952K
Heap Regions: E=young(eden), S=young(survivor), O=old, HS=humongous(starts), HC=humongous(continues), CS=collection set, F=free, A=archive, TAMS=top-at-mark-start (previous, next)
|   0|0x00000000e0000000, 0x00000000e0100000, 0x00000000e0100000|100%|HS|  |TAMS 0x00000000e0100000, 0x00000000e0000000| Complete 
|   1|0x00000000e0100000, 0x00000000e0200000, 0x00000000e0200000|100%|HC|  |TAMS 0x00000000e0200000, 0x00000000e0100000| Complete 
|   2|0x00000000e0200000, 0x00000000e0300000, 0x00000000e0300000|100%|HC|  |TAMS 0x00000000e0300000, 0x00000000e0200000| Complete 
|   3|0x00000000e0300000, 0x00000000e0400000, 0x00000000e0400000|100%| O|  |TAMS 0x00000000e0400000, 0x00000000e0300000| Untracked 
|   4|0x00000000e0400000, 0x00000000e0500000, 0x00000000e0500000|100%| O|  |TAMS 0x00000000e0500000, 0x00000000e0400000| Untracked 
|   5|0x00000000e0500000, 0x00000000e0600000, 0x00000000e0600000|100%| O|  |TAMS 0x00000000e0600000, 0x00000000e0500000| Untracked 
|   6|0x00000000e0600000, 0x00000000e0700000, 0x00000000e0700000|100%| O|  |TAMS 0x00000000e0700000, 0x00000000e0600000| Untracked 
|   7|0x00000000e0700000, 0x00000000e0800000, 0x00000000e0800000|100%| O|  |TAMS 0x00000000e0800000, 0x00000000e0700000| Untracked 
|   8|0x00000000e0800000, 0x00000000e0900000, 0x00000000e0900000|100%| O|  |TAMS 0x00000000e0900000, 0x00000000e0800000| Untracked 
|   9|0x00000000e0900000, 0x00000000e0a00000, 0x00000000e0a00000|100%| O|  |TAMS 0x00000000e0a00000, 0x00000000e0900000| Untracked 
|  10|0x00000000e0a00000, 0x00000000e0b00000, 0x00000000e0b00000|100%| O|  |TAMS 0x00000000e0b00000, 0x00000000e0a00000| Untracked 
|  11|0x00000000e0b00000, 0x00000000e0c00000, 0x00000000e0c00000|100%| O|  |TAMS 0x00000000e0c00000, 0x00000000e0b00000| Untracked 
|  12|0x00000000e0c00000, 0x00000000e0d00000, 0x00000000e0d00000|100%| O|  |TAMS 0x00000000e0d00000, 0x00000000e0c00000| Untracked 
|  13|0x00000000e0d00000, 0x00000000e0e00000, 0x00000000e0e00000|100%| O|  |TAMS 0x00000000e0e00000, 0x00000000e0d00000| Untracked 
|  14|0x00000000e0e00000, 0x00000000e0f00000, 0x00000000e0f00000|100%| O|  |TAMS 0x00000000e0f00000, 0x00000000e0e00000| Untracked 
|  15|0x00000000e0f00000, 0x00000000e1000000, 0x00000000e1000000|100%| O|  |TAMS 0x00000000e1000000, 0x00000000e0f00000| Untracked 
|  16|0x00000000e1000000, 0x00000000e1100000, 0x00000000e1100000|100%| O|  |TAMS 0x00000000e1100000, 0x00000000e1000000| Untracked 
|  17|0x00000000e1100000, 0x00000000e1200000, 0x00000000e1200000|100%| O|  |TAMS 0x00000000e1200000, 0x00000000e1100000| Untracked 
|  18|0x00000000e1200000, 0x00000000e1300000, 0x00000000e1300000|100%| O|  |TAMS 0x00000000e1300000, 0x00000000e1200000| Untracked 
|  19|0x00000000e1300000, 0x00000000e1400000, 0x00000000e1400000|100%| O|  |TAMS 0x00000000e1400000, 0x00000000e1300000| Untracked 
|  20|0x00000000e1400000, 0x00000000e1500000, 0x00000000e1500000|100%| O|  |TAMS 0x00000000e1500000, 0x00000000e1400000| Untracked 
|  21|0x00000000e1500000, 0x00000000e1600000, 0x00000000e1600000|100%| O|  |TAMS 0x00000000e1600000, 0x00000000e1500000| Untracked 
|  22|0x00000000e1600000, 0x00000000e1700000, 0x00000000e1700000|100%| O|  |TAMS 0x00000000e1700000, 0x00000000e1600000| Untracked 
|  23|0x00000000e1700000, 0x00000000e1800000, 0x00000000e1800000|100%| O|  |TAMS 0x00000000e1800000, 0x00000000e1700000| Untracked 
|  24|0x00000000e1800000, 0x00000000e1900000, 0x00000000e1900000|100%| O|  |TAMS 0x00000000e1900000, 0x00000000e1800000| Untracked 
|  25|0x00000000e1900000, 0x00000000e1a00000, 0x00000000e1a00000|100%| O|  |TAMS 0x00000000e1a00000, 0x00000000e1900000| Untracked 
|  26|0x00000000e1a00000, 0x00000000e1b00000, 0x00000000e1b00000|100%| O|  |TAMS 0x00000000e1b00000, 0x00000000e1a00000| Untracked 
|  27|0x00000000e1b00000, 0x00000000e1c00000, 0x00000000e1c00000|100%| O|  |TAMS 0x00000000e1c00000, 0x00000000e1b00000| Untracked 
|  28|0x00000000e1c00000, 0x00000000e1d00000, 0x00000000e1d00000|100%| O|  |TAMS 0x00000000e1d00000, 0x00000000e1c00000| Untracked 
|  29|0x00000000e1d00000, 0x00000000e1e00000, 0x00000000e1e00000|100%| O|  |TAMS 0x00000000e1e00000, 0x00000000e1d00000| Untracked 
|  30|0x00000000e1e00000, 0x00000000e1f00000, 0x00000000e1f00000|100%| O|  |TAMS 0x00000000e1f00000, 0x00000000e1e00000| Untracked 
|  31|0x00000000e1f00000, 0x00000000e2000000, 0x00000000e2000000|100%| O|  |TAMS 0x00000000e2000000, 0x00000000e1f00000| Untracked 
|  32|0x00000000e2000000, 0x00000000e2100000, 0x00000000e2100000|100%| O|  |TAMS 0x00000000e2100000, 0x00000000e2000000| Untracked 
|  33|0x00000000e2100000, 0x00000000e2200000, 0x00000000e2200000|100%| O|  |TAMS 0x00000000e2200000, 0x00000000e2100000| Untracked 
|  34|0x00000000e2200000, 0x00000000e2300000, 0x00000000e2300000|100%| O|  |TAMS 0x00000000e2300000, 0x00000000e2200000| Untracked 
|  35|0x00000000e2300000, 0x00000000e2400000, 0x00000000e2400000|100%| O|  |TAMS 0x00000000e2400000, 0x00000000e2300000| Untracked 
|  36|0x00000000e2400000, 0x00000000e2500000, 0x00000000e2500000|100%| O|  |TAMS 0x00000000e2449c00, 0x00000000e2400000| Untracked 
|  37|0x00000000e2500000, 0x00000000e2500000, 0x00000000e2600000|  0%| F|  |TAMS 0x00000000e2500000, 0x00000000e2500000| Untracked 
|  38|0x00000000e2600000, 0x00000000e2600000, 0x00000000e2700000|  0%| F|  |TAMS 0x00000000e2600000, 0x00000000e2600000| Untracked 
|  39|0x00000000e2700000, 0x00000000e2800000, 0x00000000e2800000|100%|HS|  |TAMS 0x00000000e2700000, 0x00000000e2700000| Complete 
|  40|0x00000000e2800000, 0x00000000e2800000, 0x00000000e2900000|  0%| F|  |TAMS 0x00000000e2800000, 0x00000000e2800000| Untracked 
|  41|0x00000000e2900000, 0x00000000e2900000, 0x00000000e2a00000|  0%| F|  |TAMS 0x00000000e2900000, 0x00000000e2900000| Untracked 
|  42|0x00000000e2a00000, 0x00000000e2a00000, 0x00000000e2b00000|  0%| F|  |TAMS 0x00000000e2a00000, 0x00000000e2a00000| Untracked 
|  43|0x00000000e2b00000, 0x00000000e2b00000, 0x00000000e2c00000|  0%| F|  |TAMS 0x00000000e2b00000, 0x00000000e2b00000| Untracked 
|  44|0x00000000e2c00000, 0x00000000e2c00000, 0x00000000e2d00000|  0%| F|  |TAMS 0x00000000e2c00000, 0x00000000e2c00000| Untracked 
|  45|0x00000000e2d00000, 0x00000000e2d00000, 0x00000000e2e00000|  0%| F|  |TAMS 0x00000000e2d00000, 0x00000000e2d00000| Untracked 
|  46|0x00000000e2e00000, 0x00000000e2e00000, 0x00000000e2f00000|  0%| F|  |TAMS 0x00000000e2e00000, 0x00000000e2e00000| Untracked 
|  47|0x00000000e2f00000, 0x00000000e2f00000, 0x00000000e3000000|  0%| F|  |TAMS 0x00000000e2f00000, 0x00000000e2f00000| Untracked 
|  48|0x00000000e3000000, 0x00000000e3100000, 0x00000000e3100000|100%| O|  |TAMS 0x00000000e3000000, 0x00000000e3000000| Untracked 
|  49|0x00000000e3100000, 0x00000000e3200000, 0x00000000e3200000|100%| O|  |TAMS 0x00000000e3100000, 0x00000000e3100000| Untracked 
|  50|0x00000000e3200000, 0x00000000e3300000, 0x00000000e3300000|100%| O|  |TAMS 0x00000000e3200000, 0x00000000e3200000| Untracked 
|  51|0x00000000e3300000, 0x00000000e3400000, 0x00000000e3400000|100%| O|  |TAMS 0x00000000e3300000, 0x00000000e3300000| Untracked 
|  52|0x00000000e3400000, 0x00000000e3500000, 0x00000000e3500000|100%| O|  |TAMS 0x00000000e3400000, 0x00000000e3400000| Untracked 
|  53|0x00000000e3500000, 0x00000000e3600000, 0x00000000e3600000|100%| O|  |TAMS 0x00000000e3500000, 0x00000000e3500000| Untracked 
|  54|0x00000000e3600000, 0x00000000e3700000, 0x00000000e3700000|100%| O|  |TAMS 0x00000000e3600000, 0x00000000e3600000| Untracked 
|  55|0x00000000e3700000, 0x00000000e3800000, 0x00000000e3800000|100%| O|  |TAMS 0x00000000e3700000, 0x00000000e3700000| Untracked 
|  56|0x00000000e3800000, 0x00000000e3900000, 0x00000000e3900000|100%| O|  |TAMS 0x00000000e3800000, 0x00000000e3800000| Untracked 
|  57|0x00000000e3900000, 0x00000000e3a00000, 0x00000000e3a00000|100%| O|  |TAMS 0x00000000e3900000, 0x00000000e3900000| Untracked 
|  58|0x00000000e3a00000, 0x00000000e3b00000, 0x00000000e3b00000|100%| O|  |TAMS 0x00000000e3a00000, 0x00000000e3a00000| Untracked 
|  59|0x00000000e3b00000, 0x00000000e3c00000, 0x00000000e3c00000|100%| O|  |TAMS 0x00000000e3b00000, 0x00000000e3b00000| Untracked 
|  60|0x00000000e3c00000, 0x00000000e3d00000, 0x00000000e3d00000|100%| O|  |TAMS 0x00000000e3c00000, 0x00000000e3c00000| Untracked 
|  61|0x00000000e3d00000, 0x00000000e3da0200, 0x00000000e3e00000| 62%| O|  |TAMS 0x00000000e3d00000, 0x00000000e3d00000| Untracked 
|  62|0x00000000e3e00000, 0x00000000e3e00000, 0x00000000e3f00000|  0%| F|  |TAMS 0x00000000e3e00000, 0x00000000e3e00000| Untracked 
|  63|0x00000000e3f00000, 0x00000000e3f00000, 0x00000000e4000000|  0%| F|  |TAMS 0x00000000e3f00000, 0x00000000e3f00000| Untracked 
|  64|0x00000000e4000000, 0x00000000e4000000, 0x00000000e4100000|  0%| F|  |TAMS 0x00000000e4000000, 0x00000000e4000000| Untracked 
|  65|0x00000000e4100000, 0x00000000e4100000, 0x00000000e4200000|  0%| F|  |TAMS 0x00000000e4100000, 0x00000000e4100000| Untracked 
|  66|0x00000000e4200000, 0x00000000e4200000, 0x00000000e4300000|  0%| F|  |TAMS 0x00000000e4200000, 0x00000000e4200000| Untracked 
|  67|0x00000000e4300000, 0x00000000e4300000, 0x00000000e4400000|  0%| F|  |TAMS 0x00000000e4300000, 0x00000000e4300000| Untracked 
|  68|0x00000000e4400000, 0x00000000e4400000, 0x00000000e4500000|  0%| F|  |TAMS 0x00000000e4400000, 0x00000000e4400000| Untracked 
|  69|0x00000000e4500000, 0x00000000e4500000, 0x00000000e4600000|  0%| F|  |TAMS 0x00000000e4500000, 0x00000000e4500000| Untracked 
|  70|0x00000000e4600000, 0x00000000e4600000, 0x00000000e4700000|  0%| F|  |TAMS 0x00000000e4600000, 0x00000000e4600000| Untracked 
|  71|0x00000000e4700000, 0x00000000e4700000, 0x00000000e4800000|  0%| F|  |TAMS 0x00000000e4700000, 0x00000000e4700000| Untracked 
|  72|0x00000000e4800000, 0x00000000e4800000, 0x00000000e4900000|  0%| F|  |TAMS 0x00000000e4800000, 0x00000000e4800000| Untracked 
|  73|0x00000000e4900000, 0x00000000e4900000, 0x00000000e4a00000|  0%| F|  |TAMS 0x00000000e4900000, 0x00000000e4900000| Untracked 
|  74|0x00000000e4a00000, 0x00000000e4a00000, 0x00000000e4b00000|  0%| F|  |TAMS 0x00000000e4a00000, 0x00000000e4a00000| Untracked 
|  75|0x00000000e4b00000, 0x00000000e4b00000, 0x00000000e4c00000|  0%| F|  |TAMS 0x00000000e4b00000, 0x00000000e4b00000| Untracked 
|  76|0x00000000e4c00000, 0x00000000e4c00000, 0x00000000e4d00000|  0%| F|  |TAMS 0x00000000e4c00000, 0x00000000e4c00000| Untracked 
|  77|0x00000000e4d00000, 0x00000000e4d00000, 0x00000000e4e00000|  0%| F|  |TAMS 0x00000000e4d00000, 0x00000000e4d00000| Untracked 
|  78|0x00000000e4e00000, 0x00000000e4e00000, 0x00000000e4f00000|  0%| F|  |TAMS 0x00000000e4e00000, 0x00000000e4e00000| Untracked 
|  79|0x00000000e4f00000, 0x00000000e4f00000, 0x00000000e5000000|  0%| F|  |TAMS 0x00000000e4f00000, 0x00000000e4f00000| Untracked 
|  80|0x00000000e5000000, 0x00000000e5000000, 0x00000000e5100000|  0%| F|  |TAMS 0x00000000e5000000, 0x00000000e5000000| Untracked 
|  81|0x00000000e5100000, 0x00000000e5100000, 0x00000000e5200000|  0%| F|  |TAMS 0x00000000e5100000, 0x00000000e5100000| Untracked 
|  82|0x00000000e5200000, 0x00000000e5200000, 0x00000000e5300000|  0%| F|  |TAMS 0x00000000e5200000, 0x00000000e5200000| Untracked 
|  83|0x00000000e5300000, 0x00000000e5300000, 0x00000000e5400000|  0%| F|  |TAMS 0x00000000e5300000, 0x00000000e5300000| Untracked 
|  84|0x00000000e5400000, 0x00000000e5400000, 0x00000000e5500000|  0%| F|  |TAMS 0x00000000e5400000, 0x00000000e5400000| Untracked 
|  85|0x00000000e5500000, 0x00000000e5500000, 0x00000000e5600000|  0%| F|  |TAMS 0x00000000e5500000, 0x00000000e5500000| Untracked 
|  86|0x00000000e5600000, 0x00000000e5600000, 0x00000000e5700000|  0%| F|  |TAMS 0x00000000e5600000, 0x00000000e5600000| Untracked 
|  87|0x00000000e5700000, 0x00000000e5700000, 0x00000000e5800000|  0%| F|  |TAMS 0x00000000e5700000, 0x00000000e5700000| Untracked 
|  88|0x00000000e5800000, 0x00000000e5800000, 0x00000000e5900000|  0%| F|  |TAMS 0x00000000e5800000, 0x00000000e5800000| Untracked 
|  89|0x00000000e5900000, 0x00000000e5900000, 0x00000000e5a00000|  0%| F|  |TAMS 0x00000000e5900000, 0x00000000e5900000| Untracked 
|  90|0x00000000e5a00000, 0x00000000e5a00000, 0x00000000e5b00000|  0%| F|  |TAMS 0x00000000e5a00000, 0x00000000e5a00000| Untracked 
|  91|0x00000000e5b00000, 0x00000000e5b00000, 0x00000000e5c00000|  0%| F|  |TAMS 0x00000000e5b00000, 0x00000000e5b00000| Untracked 
|  92|0x00000000e5c00000, 0x00000000e5c00000, 0x00000000e5d00000|  0%| F|  |TAMS 0x00000000e5c00000, 0x00000000e5c00000| Untracked 
|  93|0x00000000e5d00000, 0x00000000e5d00000, 0x00000000e5e00000|  0%| F|  |TAMS 0x00000000e5d00000, 0x00000000e5d00000| Untracked 
|  94|0x00000000e5e00000, 0x00000000e5e00000, 0x00000000e5f00000|  0%| F|  |TAMS 0x00000000e5e00000, 0x00000000e5e00000| Untracked 
|  95|0x00000000e5f00000, 0x00000000e5f00000, 0x00000000e6000000|  0%| F|  |TAMS 0x00000000e5f00000, 0x00000000e5f00000| Untracked 
|  96|0x00000000e6000000, 0x00000000e60edb50, 0x00000000e6100000| 92%| S|CS|TAMS 0x00000000e6000000, 0x00000000e6000000| Complete 
|  97|0x00000000e6100000, 0x00000000e6200000, 0x00000000e6200000|100%| S|CS|TAMS 0x00000000e6100000, 0x00000000e6100000| Complete 
|  98|0x00000000e6200000, 0x00000000e6300000, 0x00000000e6300000|100%| S|CS|TAMS 0x00000000e6200000, 0x00000000e6200000| Complete 
|  99|0x00000000e6300000, 0x00000000e6400000, 0x00000000e6400000|100%| S|CS|TAMS 0x00000000e6300000, 0x00000000e6300000| Complete 
| 100|0x00000000e6400000, 0x00000000e6500000, 0x00000000e6500000|100%| S|CS|TAMS 0x00000000e6400000, 0x00000000e6400000| Complete 
| 101|0x00000000e6500000, 0x00000000e6600000, 0x00000000e6600000|100%| S|CS|TAMS 0x00000000e6500000, 0x00000000e6500000| Complete 
| 102|0x00000000e6600000, 0x00000000e6700000, 0x00000000e6700000|100%| S|CS|TAMS 0x00000000e6600000, 0x00000000e6600000| Complete 
| 103|0x00000000e6700000, 0x00000000e6800000, 0x00000000e6800000|100%| S|CS|TAMS 0x00000000e6700000, 0x00000000e6700000| Complete 
| 104|0x00000000e6800000, 0x00000000e6900000, 0x00000000e6900000|100%| S|CS|TAMS 0x00000000e6800000, 0x00000000e6800000| Complete 
| 105|0x00000000e6900000, 0x00000000e6a00000, 0x00000000e6a00000|100%| S|CS|TAMS 0x00000000e6900000, 0x00000000e6900000| Complete 
| 106|0x00000000e6a00000, 0x00000000e6a00000, 0x00000000e6b00000|  0%| F|  |TAMS 0x00000000e6a00000, 0x00000000e6a00000| Untracked 
| 107|0x00000000e6b00000, 0x00000000e6b00000, 0x00000000e6c00000|  0%| F|  |TAMS 0x00000000e6b00000, 0x00000000e6b00000| Untracked 
| 108|0x00000000e6c00000, 0x00000000e6c00000, 0x00000000e6d00000|  0%| F|  |TAMS 0x00000000e6c00000, 0x00000000e6c00000| Untracked 
| 109|0x00000000e6d00000, 0x00000000e6d00000, 0x00000000e6e00000|  0%| F|  |TAMS 0x00000000e6d00000, 0x00000000e6d00000| Untracked 
| 110|0x00000000e6e00000, 0x00000000e6e00000, 0x00000000e6f00000|  0%| F|  |TAMS 0x00000000e6e00000, 0x00000000e6e00000| Untracked 
| 111|0x00000000e6f00000, 0x00000000e6f00000, 0x00000000e7000000|  0%| F|  |TAMS 0x00000000e6f00000, 0x00000000e6f00000| Untracked 
| 112|0x00000000e7000000, 0x00000000e7100000, 0x00000000e7100000|100%| S|CS|TAMS 0x00000000e7000000, 0x00000000e7000000| Complete 
| 113|0x00000000e7100000, 0x00000000e7200000, 0x00000000e7200000|100%| S|CS|TAMS 0x00000000e7100000, 0x00000000e7100000| Complete 
| 114|0x00000000e7200000, 0x00000000e7300000, 0x00000000e7300000|100%| S|CS|TAMS 0x00000000e7200000, 0x00000000e7200000| Complete 
| 115|0x00000000e7300000, 0x00000000e7400000, 0x00000000e7400000|100%| S|CS|TAMS 0x00000000e7300000, 0x00000000e7300000| Complete 
| 116|0x00000000e7400000, 0x00000000e7500000, 0x00000000e7500000|100%| S|CS|TAMS 0x00000000e7400000, 0x00000000e7400000| Complete 
| 117|0x00000000e7500000, 0x00000000e7600000, 0x00000000e7600000|100%| S|CS|TAMS 0x00000000e7500000, 0x00000000e7500000| Complete 
| 118|0x00000000e7600000, 0x00000000e7600000, 0x00000000e7700000|  0%| F|  |TAMS 0x00000000e7600000, 0x00000000e7600000| Untracked 
| 119|0x00000000e7700000, 0x00000000e7700000, 0x00000000e7800000|  0%| F|  |TAMS 0x00000000e7700000, 0x00000000e7700000| Untracked 
| 120|0x00000000e7800000, 0x00000000e7800000, 0x00000000e7900000|  0%| F|  |TAMS 0x00000000e7800000, 0x00000000e7800000| Untracked 
| 121|0x00000000e7900000, 0x00000000e7900000, 0x00000000e7a00000|  0%| F|  |TAMS 0x00000000e7900000, 0x00000000e7900000| Untracked 
| 122|0x00000000e7a00000, 0x00000000e7a00000, 0x00000000e7b00000|  0%| F|  |TAMS 0x00000000e7a00000, 0x00000000e7a00000| Untracked 
| 123|0x00000000e7b00000, 0x00000000e7b00000, 0x00000000e7c00000|  0%| F|  |TAMS 0x00000000e7b00000, 0x00000000e7b00000| Untracked 
| 124|0x00000000e7c00000, 0x00000000e7c00000, 0x00000000e7d00000|  0%| F|  |TAMS 0x00000000e7c00000, 0x00000000e7c00000| Untracked 
| 125|0x00000000e7d00000, 0x00000000e7d00000, 0x00000000e7e00000|  0%| F|  |TAMS 0x00000000e7d00000, 0x00000000e7d00000| Untracked 
| 126|0x00000000e7e00000, 0x00000000e7e00000, 0x00000000e7f00000|  0%| F|  |TAMS 0x00000000e7e00000, 0x00000000e7e00000| Untracked 
| 127|0x00000000e7f00000, 0x00000000e7f00000, 0x00000000e8000000|  0%| F|  |TAMS 0x00000000e7f00000, 0x00000000e7f00000| Untracked 
| 128|0x00000000e8000000, 0x00000000e8000000, 0x00000000e8100000|  0%| F|  |TAMS 0x00000000e8000000, 0x00000000e8000000| Untracked 
| 129|0x00000000e8100000, 0x00000000e8100000, 0x00000000e8200000|  0%| F|  |TAMS 0x00000000e8100000, 0x00000000e8100000| Untracked 
| 130|0x00000000e8200000, 0x00000000e8200000, 0x00000000e8300000|  0%| F|  |TAMS 0x00000000e8200000, 0x00000000e8200000| Untracked 
| 131|0x00000000e8300000, 0x00000000e8300000, 0x00000000e8400000|  0%| F|  |TAMS 0x00000000e8300000, 0x00000000e8300000| Untracked 
| 132|0x00000000e8400000, 0x00000000e8400000, 0x00000000e8500000|  0%| F|  |TAMS 0x00000000e8400000, 0x00000000e8400000| Untracked 
| 133|0x00000000e8500000, 0x00000000e8500000, 0x00000000e8600000|  0%| F|  |TAMS 0x00000000e8500000, 0x00000000e8500000| Untracked 
| 134|0x00000000e8600000, 0x00000000e8600000, 0x00000000e8700000|  0%| F|  |TAMS 0x00000000e8600000, 0x00000000e8600000| Untracked 
| 135|0x00000000e8700000, 0x00000000e8700000, 0x00000000e8800000|  0%| F|  |TAMS 0x00000000e8700000, 0x00000000e8700000| Untracked 
| 136|0x00000000e8800000, 0x00000000e8800000, 0x00000000e8900000|  0%| F|  |TAMS 0x00000000e8800000, 0x00000000e8800000| Untracked 
| 137|0x00000000e8900000, 0x00000000e8900000, 0x00000000e8a00000|  0%| F|  |TAMS 0x00000000e8900000, 0x00000000e8900000| Untracked 
| 138|0x00000000e8a00000, 0x00000000e8a00000, 0x00000000e8b00000|  0%| F|  |TAMS 0x00000000e8a00000, 0x00000000e8a00000| Untracked 
| 139|0x00000000e8b00000, 0x00000000e8b00000, 0x00000000e8c00000|  0%| F|  |TAMS 0x00000000e8b00000, 0x00000000e8b00000| Untracked 
| 140|0x00000000e8c00000, 0x00000000e8c00000, 0x00000000e8d00000|  0%| F|  |TAMS 0x00000000e8c00000, 0x00000000e8c00000| Untracked 
| 141|0x00000000e8d00000, 0x00000000e8d00000, 0x00000000e8e00000|  0%| F|  |TAMS 0x00000000e8d00000, 0x00000000e8d00000| Untracked 
| 142|0x00000000e8e00000, 0x00000000e8e00000, 0x00000000e8f00000|  0%| F|  |TAMS 0x00000000e8e00000, 0x00000000e8e00000| Untracked 
| 143|0x00000000e8f00000, 0x00000000e8f00000, 0x00000000e9000000|  0%| F|  |TAMS 0x00000000e8f00000, 0x00000000e8f00000| Untracked 
| 144|0x00000000e9000000, 0x00000000e9000000, 0x00000000e9100000|  0%| F|  |TAMS 0x00000000e9000000, 0x00000000e9000000| Untracked 
| 145|0x00000000e9100000, 0x00000000e9100000, 0x00000000e9200000|  0%| F|  |TAMS 0x00000000e9100000, 0x00000000e9100000| Untracked 
| 146|0x00000000e9200000, 0x00000000e9200000, 0x00000000e9300000|  0%| F|  |TAMS 0x00000000e9200000, 0x00000000e9200000| Untracked 
| 147|0x00000000e9300000, 0x00000000e9300000, 0x00000000e9400000|  0%| F|  |TAMS 0x00000000e9300000, 0x00000000e9300000| Untracked 
| 148|0x00000000e9400000, 0x00000000e9400000, 0x00000000e9500000|  0%| F|  |TAMS 0x00000000e9400000, 0x00000000e9400000| Untracked 
| 149|0x00000000e9500000, 0x00000000e9500000, 0x00000000e9600000|  0%| F|  |TAMS 0x00000000e9500000, 0x00000000e9500000| Untracked 
| 150|0x00000000e9600000, 0x00000000e9600000, 0x00000000e9700000|  0%| F|  |TAMS 0x00000000e9600000, 0x00000000e9600000| Untracked 
| 151|0x00000000e9700000, 0x00000000e9700000, 0x00000000e9800000|  0%| F|  |TAMS 0x00000000e9700000, 0x00000000e9700000| Untracked 
| 152|0x00000000e9800000, 0x00000000e9800000, 0x00000000e9900000|  0%| F|  |TAMS 0x00000000e9800000, 0x00000000e9800000| Untracked 
| 153|0x00000000e9900000, 0x00000000e9900000, 0x00000000e9a00000|  0%| F|  |TAMS 0x00000000e9900000, 0x00000000e9900000| Untracked 
| 154|0x00000000e9a00000, 0x00000000e9a00000, 0x00000000e9b00000|  0%| F|  |TAMS 0x00000000e9a00000, 0x00000000e9a00000| Untracked 
| 155|0x00000000e9b00000, 0x00000000e9b00000, 0x00000000e9c00000|  0%| F|  |TAMS 0x00000000e9b00000, 0x00000000e9b00000| Untracked 
| 156|0x00000000e9c00000, 0x00000000e9c00000, 0x00000000e9d00000|  0%| F|  |TAMS 0x00000000e9c00000, 0x00000000e9c00000| Untracked 
| 157|0x00000000e9d00000, 0x00000000e9d00000, 0x00000000e9e00000|  0%| F|  |TAMS 0x00000000e9d00000, 0x00000000e9d00000| Untracked 
| 158|0x00000000e9e00000, 0x00000000e9e00000, 0x00000000e9f00000|  0%| F|  |TAMS 0x00000000e9e00000, 0x00000000e9e00000| Untracked 
| 159|0x00000000e9f00000, 0x00000000e9f00000, 0x00000000ea000000|  0%| F|  |TAMS 0x00000000e9f00000, 0x00000000e9f00000| Untracked 
| 160|0x00000000ea000000, 0x00000000ea000000, 0x00000000ea100000|  0%| F|  |TAMS 0x00000000ea000000, 0x00000000ea000000| Untracked 
| 161|0x00000000ea100000, 0x00000000ea100000, 0x00000000ea200000|  0%| F|  |TAMS 0x00000000ea100000, 0x00000000ea100000| Untracked 
| 162|0x00000000ea200000, 0x00000000ea200000, 0x00000000ea300000|  0%| F|  |TAMS 0x00000000ea200000, 0x00000000ea200000| Untracked 
| 163|0x00000000ea300000, 0x00000000ea300000, 0x00000000ea400000|  0%| F|  |TAMS 0x00000000ea300000, 0x00000000ea300000| Untracked 
| 164|0x00000000ea400000, 0x00000000ea400000, 0x00000000ea500000|  0%| F|  |TAMS 0x00000000ea400000, 0x00000000ea400000| Untracked 
| 165|0x00000000ea500000, 0x00000000ea500000, 0x00000000ea600000|  0%| F|  |TAMS 0x00000000ea500000, 0x00000000ea500000| Untracked 
| 166|0x00000000ea600000, 0x00000000ea600000, 0x00000000ea700000|  0%| F|  |TAMS 0x00000000ea600000, 0x00000000ea600000| Untracked 
| 167|0x00000000ea700000, 0x00000000ea700000, 0x00000000ea800000|  0%| F|  |TAMS 0x00000000ea700000, 0x00000000ea700000| Untracked 
| 168|0x00000000ea800000, 0x00000000ea800000, 0x00000000ea900000|  0%| F|  |TAMS 0x00000000ea800000, 0x00000000ea800000| Untracked 
| 169|0x00000000ea900000, 0x00000000ea900000, 0x00000000eaa00000|  0%| F|  |TAMS 0x00000000ea900000, 0x00000000ea900000| Untracked 
| 170|0x00000000eaa00000, 0x00000000eaa00000, 0x00000000eab00000|  0%| F|  |TAMS 0x00000000eaa00000, 0x00000000eaa00000| Untracked 
| 171|0x00000000eab00000, 0x00000000eab00000, 0x00000000eac00000|  0%| F|  |TAMS 0x00000000eab00000, 0x00000000eab00000| Untracked 
| 172|0x00000000eac00000, 0x00000000eac00000, 0x00000000ead00000|  0%| F|  |TAMS 0x00000000eac00000, 0x00000000eac00000| Untracked 
| 173|0x00000000ead00000, 0x00000000ead00000, 0x00000000eae00000|  0%| F|  |TAMS 0x00000000ead00000, 0x00000000ead00000| Untracked 
| 174|0x00000000eae00000, 0x00000000eae00000, 0x00000000eaf00000|  0%| F|  |TAMS 0x00000000eae00000, 0x00000000eae00000| Untracked 
| 175|0x00000000eaf00000, 0x00000000eaf00000, 0x00000000eb000000|  0%| F|  |TAMS 0x00000000eaf00000, 0x00000000eaf00000| Untracked 
| 176|0x00000000eb000000, 0x00000000eb000000, 0x00000000eb100000|  0%| F|  |TAMS 0x00000000eb000000, 0x00000000eb000000| Untracked 
| 177|0x00000000eb100000, 0x00000000eb100000, 0x00000000eb200000|  0%| F|  |TAMS 0x00000000eb100000, 0x00000000eb100000| Untracked 
| 178|0x00000000eb200000, 0x00000000eb200000, 0x00000000eb300000|  0%| F|  |TAMS 0x00000000eb200000, 0x00000000eb200000| Untracked 
| 179|0x00000000eb300000, 0x00000000eb300000, 0x00000000eb400000|  0%| F|  |TAMS 0x00000000eb300000, 0x00000000eb300000| Untracked 
| 180|0x00000000eb400000, 0x00000000eb400000, 0x00000000eb500000|  0%| F|  |TAMS 0x00000000eb400000, 0x00000000eb400000| Untracked 
| 181|0x00000000eb500000, 0x00000000eb500000, 0x00000000eb600000|  0%| F|  |TAMS 0x00000000eb500000, 0x00000000eb500000| Untracked 
| 182|0x00000000eb600000, 0x00000000eb600000, 0x00000000eb700000|  0%| F|  |TAMS 0x00000000eb600000, 0x00000000eb600000| Untracked 
| 183|0x00000000eb700000, 0x00000000eb700000, 0x00000000eb800000|  0%| F|  |TAMS 0x00000000eb700000, 0x00000000eb700000| Untracked 
| 184|0x00000000eb800000, 0x00000000eb800000, 0x00000000eb900000|  0%| F|  |TAMS 0x00000000eb800000, 0x00000000eb800000| Untracked 
| 185|0x00000000eb900000, 0x00000000eb900000, 0x00000000eba00000|  0%| F|  |TAMS 0x00000000eb900000, 0x00000000eb900000| Untracked 
| 186|0x00000000eba00000, 0x00000000eba00000, 0x00000000ebb00000|  0%| F|  |TAMS 0x00000000eba00000, 0x00000000eba00000| Untracked 
| 187|0x00000000ebb00000, 0x00000000ebb00000, 0x00000000ebc00000|  0%| F|  |TAMS 0x00000000ebb00000, 0x00000000ebb00000| Untracked 
| 188|0x00000000ebc00000, 0x00000000ebc00000, 0x00000000ebd00000|  0%| F|  |TAMS 0x00000000ebc00000, 0x00000000ebc00000| Untracked 
| 189|0x00000000ebd00000, 0x00000000ebd00000, 0x00000000ebe00000|  0%| F|  |TAMS 0x00000000ebd00000, 0x00000000ebd00000| Untracked 
| 190|0x00000000ebe00000, 0x00000000ebe00000, 0x00000000ebf00000|  0%| F|  |TAMS 0x00000000ebe00000, 0x00000000ebe00000| Untracked 
| 191|0x00000000ebf00000, 0x00000000ebf00000, 0x00000000ec000000|  0%| F|  |TAMS 0x00000000ebf00000, 0x00000000ebf00000| Untracked 
| 192|0x00000000ec000000, 0x00000000ec000000, 0x00000000ec100000|  0%| F|  |TAMS 0x00000000ec000000, 0x00000000ec000000| Untracked 
| 193|0x00000000ec100000, 0x00000000ec100000, 0x00000000ec200000|  0%| F|  |TAMS 0x00000000ec100000, 0x00000000ec100000| Untracked 
| 194|0x00000000ec200000, 0x00000000ec200000, 0x00000000ec300000|  0%| F|  |TAMS 0x00000000ec200000, 0x00000000ec200000| Untracked 
| 195|0x00000000ec300000, 0x00000000ec300000, 0x00000000ec400000|  0%| F|  |TAMS 0x00000000ec300000, 0x00000000ec300000| Untracked 
| 196|0x00000000ec400000, 0x00000000ec400000, 0x00000000ec500000|  0%| F|  |TAMS 0x00000000ec400000, 0x00000000ec400000| Untracked 
| 197|0x00000000ec500000, 0x00000000ec500000, 0x00000000ec600000|  0%| F|  |TAMS 0x00000000ec500000, 0x00000000ec500000| Untracked 
| 198|0x00000000ec600000, 0x00000000ec600000, 0x00000000ec700000|  0%| F|  |TAMS 0x00000000ec600000, 0x00000000ec600000| Untracked 
| 199|0x00000000ec700000, 0x00000000ec700000, 0x00000000ec800000|  0%| F|  |TAMS 0x00000000ec700000, 0x00000000ec700000| Untracked 
| 200|0x00000000ec800000, 0x00000000ec800000, 0x00000000ec900000|  0%| F|  |TAMS 0x00000000ec800000, 0x00000000ec800000| Untracked 
| 201|0x00000000ec900000, 0x00000000ec900000, 0x00000000eca00000|  0%| F|  |TAMS 0x00000000ec900000, 0x00000000ec900000| Untracked 
| 202|0x00000000eca00000, 0x00000000eca00000, 0x00000000ecb00000|  0%| F|  |TAMS 0x00000000eca00000, 0x00000000eca00000| Untracked 
| 203|0x00000000ecb00000, 0x00000000ecb00000, 0x00000000ecc00000|  0%| F|  |TAMS 0x00000000ecb00000, 0x00000000ecb00000| Untracked 
| 204|0x00000000ecc00000, 0x00000000ecc00000, 0x00000000ecd00000|  0%| F|  |TAMS 0x00000000ecc00000, 0x00000000ecc00000| Untracked 
| 205|0x00000000ecd00000, 0x00000000ecd00000, 0x00000000ece00000|  0%| F|  |TAMS 0x00000000ecd00000, 0x00000000ecd00000| Untracked 
| 206|0x00000000ece00000, 0x00000000ece00000, 0x00000000ecf00000|  0%| F|  |TAMS 0x00000000ece00000, 0x00000000ece00000| Untracked 
| 207|0x00000000ecf00000, 0x00000000ecf00000, 0x00000000ed000000|  0%| F|  |TAMS 0x00000000ecf00000, 0x00000000ecf00000| Untracked 
| 208|0x00000000ed000000, 0x00000000ed000000, 0x00000000ed100000|  0%| F|  |TAMS 0x00000000ed000000, 0x00000000ed000000| Untracked 
| 209|0x00000000ed100000, 0x00000000ed100000, 0x00000000ed200000|  0%| F|  |TAMS 0x00000000ed100000, 0x00000000ed100000| Untracked 
| 210|0x00000000ed200000, 0x00000000ed200000, 0x00000000ed300000|  0%| F|  |TAMS 0x00000000ed200000, 0x00000000ed200000| Untracked 
| 211|0x00000000ed300000, 0x00000000ed300000, 0x00000000ed400000|  0%| F|  |TAMS 0x00000000ed300000, 0x00000000ed300000| Untracked 
| 212|0x00000000ed400000, 0x00000000ed400000, 0x00000000ed500000|  0%| F|  |TAMS 0x00000000ed400000, 0x00000000ed400000| Untracked 
| 213|0x00000000ed500000, 0x00000000ed500000, 0x00000000ed600000|  0%| F|  |TAMS 0x00000000ed500000, 0x00000000ed500000| Untracked 
| 214|0x00000000ed600000, 0x00000000ed600000, 0x00000000ed700000|  0%| F|  |TAMS 0x00000000ed600000, 0x00000000ed600000| Untracked 
| 215|0x00000000ed700000, 0x00000000ed700000, 0x00000000ed800000|  0%| F|  |TAMS 0x00000000ed700000, 0x00000000ed700000| Untracked 
| 216|0x00000000ed800000, 0x00000000ed800000, 0x00000000ed900000|  0%| F|  |TAMS 0x00000000ed800000, 0x00000000ed800000| Untracked 
| 217|0x00000000ed900000, 0x00000000ed900000, 0x00000000eda00000|  0%| F|  |TAMS 0x00000000ed900000, 0x00000000ed900000| Untracked 
| 218|0x00000000eda00000, 0x00000000eda00000, 0x00000000edb00000|  0%| F|  |TAMS 0x00000000eda00000, 0x00000000eda00000| Untracked 
| 219|0x00000000edb00000, 0x00000000edb00000, 0x00000000edc00000|  0%| F|  |TAMS 0x00000000edb00000, 0x00000000edb00000| Untracked 
| 220|0x00000000edc00000, 0x00000000edc00000, 0x00000000edd00000|  0%| F|  |TAMS 0x00000000edc00000, 0x00000000edc00000| Untracked 
| 221|0x00000000edd00000, 0x00000000edd00000, 0x00000000ede00000|  0%| F|  |TAMS 0x00000000edd00000, 0x00000000edd00000| Untracked 
| 222|0x00000000ede00000, 0x00000000ede00000, 0x00000000edf00000|  0%| F|  |TAMS 0x00000000ede00000, 0x00000000ede00000| Untracked 
| 223|0x00000000edf00000, 0x00000000edf00000, 0x00000000ee000000|  0%| F|  |TAMS 0x00000000edf00000, 0x00000000edf00000| Untracked 
| 224|0x00000000ee000000, 0x00000000ee000000, 0x00000000ee100000|  0%| F|  |TAMS 0x00000000ee000000, 0x00000000ee000000| Untracked 
| 225|0x00000000ee100000, 0x00000000ee100000, 0x00000000ee200000|  0%| F|  |TAMS 0x00000000ee100000, 0x00000000ee100000| Untracked 
| 226|0x00000000ee200000, 0x00000000ee200000, 0x00000000ee300000|  0%| F|  |TAMS 0x00000000ee200000, 0x00000000ee200000| Untracked 
| 227|0x00000000ee300000, 0x00000000ee300000, 0x00000000ee400000|  0%| F|  |TAMS 0x00000000ee300000, 0x00000000ee300000| Untracked 
| 228|0x00000000ee400000, 0x00000000ee400000, 0x00000000ee500000|  0%| F|  |TAMS 0x00000000ee400000, 0x00000000ee400000| Untracked 
| 229|0x00000000ee500000, 0x00000000ee500000, 0x00000000ee600000|  0%| F|  |TAMS 0x00000000ee500000, 0x00000000ee500000| Untracked 
| 230|0x00000000ee600000, 0x00000000ee600000, 0x00000000ee700000|  0%| F|  |TAMS 0x00000000ee600000, 0x00000000ee600000| Untracked 
| 231|0x00000000ee700000, 0x00000000ee700000, 0x00000000ee800000|  0%| F|  |TAMS 0x00000000ee700000, 0x00000000ee700000| Untracked 
| 232|0x00000000ee800000, 0x00000000ee800000, 0x00000000ee900000|  0%| F|  |TAMS 0x00000000ee800000, 0x00000000ee800000| Untracked 
| 233|0x00000000ee900000, 0x00000000ee900000, 0x00000000eea00000|  0%| F|  |TAMS 0x00000000ee900000, 0x00000000ee900000| Untracked 
| 234|0x00000000eea00000, 0x00000000eeae6380, 0x00000000eeb00000| 89%| E|  |TAMS 0x00000000eea00000, 0x00000000eea00000| Complete 
| 235|0x00000000eeb00000, 0x00000000eec00000, 0x00000000eec00000|100%| E|CS|TAMS 0x00000000eeb00000, 0x00000000eeb00000| Complete 
| 236|0x00000000eec00000, 0x00000000eed00000, 0x00000000eed00000|100%| E|CS|TAMS 0x00000000eec00000, 0x00000000eec00000| Complete 
| 237|0x00000000eed00000, 0x00000000eee00000, 0x00000000eee00000|100%| E|CS|TAMS 0x00000000eed00000, 0x00000000eed00000| Complete 
| 238|0x00000000eee00000, 0x00000000eef00000, 0x00000000eef00000|100%| E|CS|TAMS 0x00000000eee00000, 0x00000000eee00000| Complete 
| 239|0x00000000eef00000, 0x00000000ef000000, 0x00000000ef000000|100%| E|CS|TAMS 0x00000000eef00000, 0x00000000eef00000| Complete 
| 240|0x00000000ef000000, 0x00000000ef100000, 0x00000000ef100000|100%| E|CS|TAMS 0x00000000ef000000, 0x00000000ef000000| Complete 
| 241|0x00000000ef100000, 0x00000000ef200000, 0x00000000ef200000|100%| E|CS|TAMS 0x00000000ef100000, 0x00000000ef100000| Complete 
| 242|0x00000000ef200000, 0x00000000ef300000, 0x00000000ef300000|100%| E|CS|TAMS 0x00000000ef200000, 0x00000000ef200000| Complete 
| 243|0x00000000ef300000, 0x00000000ef400000, 0x00000000ef400000|100%| E|CS|TAMS 0x00000000ef300000, 0x00000000ef300000| Complete 
| 244|0x00000000ef400000, 0x00000000ef500000, 0x00000000ef500000|100%| E|CS|TAMS 0x00000000ef400000, 0x00000000ef400000| Complete 
| 245|0x00000000ef500000, 0x00000000ef600000, 0x00000000ef600000|100%| E|CS|TAMS 0x00000000ef500000, 0x00000000ef500000| Complete 
| 246|0x00000000ef600000, 0x00000000ef700000, 0x00000000ef700000|100%| E|CS|TAMS 0x00000000ef600000, 0x00000000ef600000| Complete 
| 247|0x00000000ef700000, 0x00000000ef800000, 0x00000000ef800000|100%| E|CS|TAMS 0x00000000ef700000, 0x00000000ef700000| Complete 
| 248|0x00000000ef800000, 0x00000000ef900000, 0x00000000ef900000|100%| E|CS|TAMS 0x00000000ef800000, 0x00000000ef800000| Complete 
| 249|0x00000000ef900000, 0x00000000efa00000, 0x00000000efa00000|100%| E|CS|TAMS 0x00000000ef900000, 0x00000000ef900000| Complete 
| 250|0x00000000efa00000, 0x00000000efb00000, 0x00000000efb00000|100%| E|CS|TAMS 0x00000000efa00000, 0x00000000efa00000| Complete 
| 251|0x00000000efb00000, 0x00000000efc00000, 0x00000000efc00000|100%| E|CS|TAMS 0x00000000efb00000, 0x00000000efb00000| Complete 
| 252|0x00000000efc00000, 0x00000000efd00000, 0x00000000efd00000|100%| E|CS|TAMS 0x00000000efc00000, 0x00000000efc00000| Complete 
| 253|0x00000000efd00000, 0x00000000efe00000, 0x00000000efe00000|100%| E|CS|TAMS 0x00000000efd00000, 0x00000000efd00000| Complete 
| 254|0x00000000efe00000, 0x00000000eff00000, 0x00000000eff00000|100%| E|CS|TAMS 0x00000000efe00000, 0x00000000efe00000| Complete 
| 255|0x00000000eff00000, 0x00000000f0000000, 0x00000000f0000000|100%| E|CS|TAMS 0x00000000eff00000, 0x00000000eff00000| Complete 

Card table byte_map: [0x000001ecba650000,0x000001ecba750000] _byte_map_base: 0x000001ecb9f50000

Marking Bits (Prev, Next): (CMBitMap*) 0x000001eca2ef50e8, (CMBitMap*) 0x000001eca2ef5120
 Prev Bits: [0x000001ecba850000, 0x000001ecbb050000)
 Next Bits: [0x000001ecbb050000, 0x000001ecbb850000)

Polling page: 0x000001eca0d50000

Metaspace:

Usage:
  Non-class:     66.38 MB capacity,    64.79 MB ( 98%) used,     1.32 MB (  2%) free+waste,   281.81 KB ( <1%) overhead. 
      Class:     10.21 MB capacity,     9.28 MB ( 91%) used,   826.47 KB (  8%) free+waste,   130.06 KB (  1%) overhead. 
       Both:     76.59 MB capacity,    74.06 MB ( 97%) used,     2.13 MB (  3%) free+waste,   411.88 KB ( <1%) overhead. 

Virtual space:
  Non-class space:       68.00 MB reserved,      66.58 MB ( 98%) committed 
      Class space:      248.00 MB reserved,      10.25 MB (  4%) committed 
             Both:      316.00 MB reserved,      76.83 MB ( 24%) committed 

Chunk freelists:
   Non-Class:  7.00 KB
       Class:  9.00 KB
        Both:  16.00 KB

MaxMetaspaceSize: 256.00 MB
CompressedClassSpaceSize: 248.00 MB
Initial GC threshold: 20.80 MB
Current GC threshold: 103.26 MB
CDS: off

CodeHeap 'non-profiled nmethods': size=120064Kb used=5878Kb max_used=5878Kb free=114186Kb
 bounds [0x000001ecb3110000, 0x000001ecb36d0000, 0x000001ecba650000]
CodeHeap 'profiled nmethods': size=120000Kb used=26234Kb max_used=26234Kb free=93765Kb
 bounds [0x000001ecabbe0000, 0x000001ecad580000, 0x000001ecb3110000]
CodeHeap 'non-nmethods': size=5696Kb used=2353Kb max_used=2397Kb free=3342Kb
 bounds [0x000001ecab650000, 0x000001ecab8c0000, 0x000001ecabbe0000]
 total_blobs=13184 nmethods=12316 adapters=776
 compilation: enabled
              stopped_count=0, restarted_count=0
 full_count=0

Compilation events (20 events):
Event: 38.539 Thread 0x000001ecbde79800 nmethod 12514 0x000001ecb36cb290 code [0x000001ecb36cb460, 0x000001ecb36cb698]
Event: 38.540 Thread 0x000001ecbde79800 12519       4       org.gradle.internal.io.StreamByteBuffer$StreamByteBufferOutputStream::write (22 bytes)
Event: 38.550 Thread 0x000001ecbde79800 nmethod 12519 0x000001ecb36cb910 code [0x000001ecb36cbae0, 0x000001ecb36cbf28]
Event: 38.550 Thread 0x000001ecbde79800 12488       4       java.lang.ClassLoader::definePackage (84 bytes)
Event: 38.575 Thread 0x000001ecbde79800 nmethod 12488 0x000001ecb36cc190 code [0x000001ecb36cc380, 0x000001ecb36ccbf8]
Event: 39.778 Thread 0x000001ecbde79800 12531       4       java.net.URLClassLoader$1::run (5 bytes)
Event: 39.779 Thread 0x000001ecbde79800 nmethod 12531 0x000001ecb36cd210 code [0x000001ecb36cd3a0, 0x000001ecb36cd428]
Event: 39.804 Thread 0x000001ecbde7b000 12532       3       java.util.concurrent.ConcurrentSkipListMap::cpr (26 bytes)
Event: 39.805 Thread 0x000001ecbde7b000 nmethod 12532 0x000001ecad57c390 code [0x000001ecad57c560, 0x000001ecad57c918]
Event: 39.805 Thread 0x000001ecbde7b000 12533       3       org.gradle.internal.serialize.DefaultSerializerRegistry$1::compare (13 bytes)
Event: 39.805 Thread 0x000001ecbde7b000 nmethod 12533 0x000001ecad57ca10 code [0x000001ecad57cc20, 0x000001ecad57d188]
Event: 43.052 Thread 0x000001ecbde7b000 12534       3       jdk.internal.reflect.ClassFileAssembler::getMaxLocals (6 bytes)
Event: 43.052 Thread 0x000001ecbde7b000 nmethod 12534 0x000001ecad57d390 code [0x000001ecad57d540, 0x000001ecad57d658]
Event: 43.052 Thread 0x000001ecbde7b000 12536       3       java.util.WeakHashMap::getEntry (72 bytes)
Event: 43.053 Thread 0x000001ecbde7b000 nmethod 12536 0x000001ecad57d710 code [0x000001ecad57d940, 0x000001ecad57e128]
Event: 43.053 Thread 0x000001ecbde7b000 12535       3       java.util.WeakHashMap::containsKey (14 bytes)
Event: 43.053 Thread 0x000001ecbde79800 12537       4       jdk.internal.reflect.ClassFileAssembler::cpi (22 bytes)
Event: 43.054 Thread 0x000001ecbde79800 nmethod 12537 0x000001ecb36cd510 code [0x000001ecb36cd6a0, 0x000001ecb36cd718]
Event: 43.055 Thread 0x000001ecbde7b000 nmethod 12535 0x000001ecad57e490 code [0x000001ecad57e640, 0x000001ecad57e848]
Event: 43.733 Thread 0x000001ecbde7b000 12538       3       org.gradle.internal.io.LineBufferingOutputStream::write (59 bytes)

GC Heap History (20 events):
Event: 7.153 GC heap before
{Heap before GC invocations=4 (full 0):
 garbage-first heap   total 262144K, used 41879K [0x00000000e0000000, 0x0000000100000000)
  region size 1024K, 31 young (31744K), 6 survivors (6144K)
 Metaspace       used 20799K, capacity 21240K, committed 21296K, reserved 274432K
  class space    used 2519K, capacity 2682K, committed 2688K, reserved 253952K
}
Event: 7.164 GC heap after
{Heap after GC invocations=5 (full 0):
 garbage-first heap   total 262144K, used 18145K [0x00000000e0000000, 0x0000000100000000)
  region size 1024K, 4 young (4096K), 4 survivors (4096K)
 Metaspace       used 20799K, capacity 21240K, committed 21296K, reserved 274432K
  class space    used 2519K, capacity 2682K, committed 2688K, reserved 253952K
}
Event: 8.686 GC heap before
{Heap before GC invocations=6 (full 0):
 garbage-first heap   total 262144K, used 79585K [0x00000000e0000000, 0x0000000100000000)
  region size 1024K, 64 young (65536K), 4 survivors (4096K)
 Metaspace       used 27398K, capacity 27998K, committed 28080K, reserved 278528K
  class space    used 3557K, capacity 3778K, committed 3840K, reserved 253952K
}
Event: 8.698 GC heap after
{Heap after GC invocations=7 (full 0):
 garbage-first heap   total 262144K, used 20189K [0x00000000e0000000, 0x0000000100000000)
  region size 1024K, 6 young (6144K), 6 survivors (6144K)
 Metaspace       used 27398K, capacity 27998K, committed 28080K, reserved 278528K
  class space    used 3557K, capacity 3778K, committed 3840K, reserved 253952K
}
Event: 10.411 GC heap before
{Heap before GC invocations=7 (full 0):
 garbage-first heap   total 262144K, used 83677K [0x00000000e0000000, 0x0000000100000000)
  region size 1024K, 69 young (70656K), 6 survivors (6144K)
 Metaspace       used 34951K, capacity 35790K, committed 35888K, reserved 286720K
  class space    used 4602K, capacity 4929K, committed 4992K, reserved 253952K
}
Event: 10.431 GC heap after
{Heap after GC invocations=8 (full 0):
 garbage-first heap   total 262144K, used 23158K [0x00000000e0000000, 0x0000000100000000)
  region size 1024K, 9 young (9216K), 9 survivors (9216K)
 Metaspace       used 34951K, capacity 35790K, committed 35888K, reserved 286720K
  class space    used 4602K, capacity 4929K, committed 4992K, reserved 253952K
}
Event: 13.444 GC heap before
{Heap before GC invocations=9 (full 0):
 garbage-first heap   total 262144K, used 123510K [0x00000000e0000000, 0x0000000100000000)
  region size 1024K, 104 young (106496K), 9 survivors (9216K)
 Metaspace       used 45572K, capacity 46638K, committed 46896K, reserved 294912K
  class space    used 5780K, capacity 6211K, committed 6272K, reserved 253952K
}
Event: 13.476 GC heap after
{Heap after GC invocations=10 (full 0):
 garbage-first heap   total 262144K, used 30145K [0x00000000e0000000, 0x0000000100000000)
  region size 1024K, 13 young (13312K), 13 survivors (13312K)
 Metaspace       used 45572K, capacity 46638K, committed 46896K, reserved 294912K
  class space    used 5780K, capacity 6211K, committed 6272K, reserved 253952K
}
Event: 16.738 GC heap before
{Heap before GC invocations=10 (full 0):
 garbage-first heap   total 262144K, used 157121K [0x00000000e0000000, 0x0000000100000000)
  region size 1024K, 137 young (140288K), 13 survivors (13312K)
 Metaspace       used 54193K, capacity 55826K, committed 55984K, reserved 303104K
  class space    used 7040K, capacity 7654K, committed 7680K, reserved 253952K
}
Event: 16.775 GC heap after
{Heap after GC invocations=11 (full 0):
 garbage-first heap   total 262144K, used 36949K [0x00000000e0000000, 0x0000000100000000)
  region size 1024K, 14 young (14336K), 14 survivors (14336K)
 Metaspace       used 54193K, capacity 55826K, committed 55984K, reserved 303104K
  class space    used 7040K, capacity 7654K, committed 7680K, reserved 253952K
}
Event: 18.264 GC heap before
{Heap before GC invocations=11 (full 0):
 garbage-first heap   total 262144K, used 99413K [0x00000000e0000000, 0x0000000100000000)
  region size 1024K, 76 young (77824K), 14 survivors (14336K)
 Metaspace       used 58218K, capacity 60147K, committed 60240K, reserved 307200K
  class space    used 7682K, capacity 8416K, committed 8448K, reserved 253952K
}
Event: 18.314 GC heap after
{Heap after GC invocations=12 (full 0):
 garbage-first heap   total 262144K, used 42880K [0x00000000e0000000, 0x0000000100000000)
  region size 1024K, 13 young (13312K), 13 survivors (13312K)
 Metaspace       used 58218K, capacity 60147K, committed 60240K, reserved 307200K
  class space    used 7682K, capacity 8416K, committed 8448K, reserved 253952K
}
Event: 21.095 GC heap before
{Heap before GC invocations=13 (full 0):
 garbage-first heap   total 262144K, used 176000K [0x00000000e0000000, 0x0000000100000000)
  region size 1024K, 144 young (147456K), 13 survivors (13312K)
 Metaspace       used 60931K, capacity 62977K, committed 63056K, reserved 309248K
  class space    used 7859K, capacity 8633K, committed 8704K, reserved 253952K
}
Event: 21.141 GC heap after
{Heap after GC invocations=14 (full 0):
 garbage-first heap   total 262144K, used 45863K [0x00000000e0000000, 0x0000000100000000)
  region size 1024K, 9 young (9216K), 9 survivors (9216K)
 Metaspace       used 60931K, capacity 62977K, committed 63056K, reserved 309248K
  class space    used 7859K, capacity 8633K, committed 8704K, reserved 253952K
}
Event: 28.210 GC heap before
{Heap before GC invocations=15 (full 0):
 garbage-first heap   total 262144K, used 186151K [0x00000000e0000000, 0x0000000100000000)
  region size 1024K, 145 young (148480K), 9 survivors (9216K)
 Metaspace       used 71658K, capacity 74076K, committed 74320K, reserved 319488K
  class space    used 9073K, capacity 9981K, committed 9984K, reserved 253952K
}
Event: 28.249 GC heap after
{Heap after GC invocations=16 (full 0):
 garbage-first heap   total 262144K, used 57639K [0x00000000e0000000, 0x0000000100000000)
  region size 1024K, 19 young (19456K), 19 survivors (19456K)
 Metaspace       used 71658K, capacity 74076K, committed 74320K, reserved 319488K
  class space    used 9073K, capacity 9981K, committed 9984K, reserved 253952K
}
Event: 31.743 GC heap before
{Heap before GC invocations=16 (full 0):
 garbage-first heap   total 262144K, used 203047K [0x00000000e0000000, 0x0000000100000000)
  region size 1024K, 152 young (155648K), 19 survivors (19456K)
 Metaspace       used 73655K, capacity 76225K, committed 76368K, reserved 321536K
  class space    used 9262K, capacity 10193K, committed 10240K, reserved 253952K
}
Event: 31.794 GC heap after
{Heap after GC invocations=17 (full 0):
 garbage-first heap   total 262144K, used 60544K [0x00000000e0000000, 0x0000000100000000)
  region size 1024K, 9 young (9216K), 9 survivors (9216K)
 Metaspace       used 73655K, capacity 76225K, committed 76368K, reserved 321536K
  class space    used 9262K, capacity 10193K, committed 10240K, reserved 253952K
}
Event: 37.534 GC heap before
{Heap before GC invocations=17 (full 0):
 garbage-first heap   total 262144K, used 200832K [0x00000000e0000000, 0x0000000100000000)
  region size 1024K, 144 young (147456K), 9 survivors (9216K)
 Metaspace       used 74797K, capacity 77216K, committed 77520K, reserved 321536K
  class space    used 9345K, capacity 10257K, committed 10368K, reserved 253952K
}
Event: 37.558 GC heap after
{Heap after GC invocations=18 (full 0):
 garbage-first heap   total 262144K, used 69175K [0x00000000e0000000, 0x0000000100000000)
  region size 1024K, 16 young (16384K), 16 survivors (16384K)
 Metaspace       used 74797K, capacity 77216K, committed 77520K, reserved 321536K
  class space    used 9345K, capacity 10257K, committed 10368K, reserved 253952K
}

Deoptimization events (20 events):
Event: 37.977 Thread 0x000001ecc44e2000 Uncommon trap: trap_request=0xffffffde fr.pc=0x000001ecb3218694 relative=0x0000000000000334
Event: 37.977 Thread 0x000001ecc44e2000 Uncommon trap: reason=class_check action=maybe_recompile pc=0x000001ecb3218694 method=java.io.DataOutputStream.write(I)V @ 5 c2
Event: 37.977 Thread 0x000001ecc44e2000 DEOPT PACKING pc=0x000001ecb3218694 sp=0x00000038f49fdee0
Event: 37.977 Thread 0x000001ecc44e2000 DEOPT UNPACKING pc=0x000001ecab69a1af sp=0x00000038f49fdeb8 mode 2
Event: 37.977 Thread 0x000001ecc44e2000 Uncommon trap: trap_request=0xffffffde fr.pc=0x000001ecb3218694 relative=0x0000000000000334
Event: 37.977 Thread 0x000001ecc44e2000 Uncommon trap: reason=class_check action=maybe_recompile pc=0x000001ecb3218694 method=java.io.DataOutputStream.write(I)V @ 5 c2
Event: 37.977 Thread 0x000001ecc44e2000 DEOPT PACKING pc=0x000001ecb3218694 sp=0x00000038f49fdee0
Event: 37.977 Thread 0x000001ecc44e2000 DEOPT UNPACKING pc=0x000001ecab69a1af sp=0x00000038f49fdeb8 mode 2
Event: 37.977 Thread 0x000001ecc44e2000 Uncommon trap: trap_request=0xffffffde fr.pc=0x000001ecb3218694 relative=0x0000000000000334
Event: 37.977 Thread 0x000001ecc44e2000 Uncommon trap: reason=class_check action=maybe_recompile pc=0x000001ecb3218694 method=java.io.DataOutputStream.write(I)V @ 5 c2
Event: 37.977 Thread 0x000001ecc44e2000 DEOPT PACKING pc=0x000001ecb3218694 sp=0x00000038f49fdee0
Event: 37.977 Thread 0x000001ecc44e2000 DEOPT UNPACKING pc=0x000001ecab69a1af sp=0x00000038f49fdeb8 mode 2
Event: 39.794 Thread 0x000001ecc44e3000 Uncommon trap: trap_request=0xffffff4d fr.pc=0x000001ecb3669384 relative=0x00000000000002c4
Event: 39.794 Thread 0x000001ecc44e3000 Uncommon trap: reason=unstable_if action=reinterpret pc=0x000001ecb3669384 method=java.nio.channels.spi.AbstractInterruptibleChannel.end(Z)V @ 34 c2
Event: 39.794 Thread 0x000001ecc44e3000 DEOPT PACKING pc=0x000001ecb3669384 sp=0x00000038f4afef30
Event: 39.794 Thread 0x000001ecc44e3000 DEOPT UNPACKING pc=0x000001ecab69a1af sp=0x00000038f4afef08 mode 2
Event: 39.834 Thread 0x000001ecc44eb000 Uncommon trap: trap_request=0xffffff4d fr.pc=0x000001ecb34ce424 relative=0x00000000000001e4
Event: 39.834 Thread 0x000001ecc44eb000 Uncommon trap: reason=unstable_if action=reinterpret pc=0x000001ecb34ce424 method=java.util.ArrayList.remove(Ljava/lang/Object;)Z @ 42 c2
Event: 39.834 Thread 0x000001ecc44eb000 DEOPT PACKING pc=0x000001ecb34ce424 sp=0x00000038f51fec10
Event: 39.834 Thread 0x000001ecc44eb000 DEOPT UNPACKING pc=0x000001ecab69a1af sp=0x00000038f51febd0 mode 2

Classes redefined (0 events):
No events

Internal exceptions (20 events):
Event: 36.791 Thread 0x000001ecc49b6000 Exception <a 'sun/nio/fs/WindowsException'{0x00000000e9b6ba38}> (0x00000000e9b6ba38) thrown at [./src/hotspot/share/prims/jni.cpp, line 617]
Event: 36.791 Thread 0x000001ecc49b6000 Exception <a 'sun/nio/fs/WindowsException'{0x00000000e9b6bde0}> (0x00000000e9b6bde0) thrown at [./src/hotspot/share/prims/jni.cpp, line 617]
Event: 36.793 Thread 0x000001ecc49b6000 Exception <a 'sun/nio/fs/WindowsException'{0x00000000e9b9b590}> (0x00000000e9b9b590) thrown at [./src/hotspot/share/prims/jni.cpp, line 617]
Event: 36.793 Thread 0x000001ecc49b6000 Exception <a 'sun/nio/fs/WindowsException'{0x00000000e9b9b910}> (0x00000000e9b9b910) thrown at [./src/hotspot/share/prims/jni.cpp, line 617]
Event: 36.793 Thread 0x000001ecc49b6000 Exception <a 'sun/nio/fs/WindowsException'{0x00000000e9b9e850}> (0x00000000e9b9e850) thrown at [./src/hotspot/share/prims/jni.cpp, line 617]
Event: 36.793 Thread 0x000001ecc49b6000 Exception <a 'sun/nio/fs/WindowsException'{0x00000000e9b9ebb0}> (0x00000000e9b9ebb0) thrown at [./src/hotspot/share/prims/jni.cpp, line 617]
Event: 37.027 Thread 0x000001ecc49b6000 Exception <a 'sun/nio/fs/WindowsException'{0x00000000e919ee80}> (0x00000000e919ee80) thrown at [./src/hotspot/share/prims/jni.cpp, line 617]
Event: 37.027 Thread 0x000001ecc49b6000 Exception <a 'sun/nio/fs/WindowsException'{0x00000000e91a0088}> (0x00000000e91a0088) thrown at [./src/hotspot/share/prims/jni.cpp, line 617]
Event: 37.460 Thread 0x000001ecbf469800 Exception <a 'java/lang/NoSuchMethodError'{0x00000000e77b37b0}: <clinit>> (0x00000000e77b37b0) thrown at [./src/hotspot/share/prims/jni.cpp, line 1367]
Event: 37.485 Thread 0x000001ecc49b2000 Exception <a 'java/lang/ClassNotFoundException'{0x00000000e77df5f8}: java/lang/BooleanBeanInfo> (0x00000000e77df5f8) thrown at [./src/hotspot/share/classfile/systemDictionary.cpp, line 230]
Event: 37.486 Thread 0x000001ecc49b2000 Exception <a 'java/lang/ClassNotFoundException'{0x00000000e77e6b80}: java/lang/BooleanCustomizer> (0x00000000e77e6b80) thrown at [./src/hotspot/share/classfile/systemDictionary.cpp, line 230]
Event: 37.985 Thread 0x000001ecc44e2000 Exception <a 'java/lang/NoSuchMethodError'{0x00000000eefa5ab8}: <clinit>> (0x00000000eefa5ab8) thrown at [./src/hotspot/share/prims/jni.cpp, line 1367]
Event: 37.989 Thread 0x000001ecc44e2000 Exception <a 'java/lang/NoSuchMethodError'{0x00000000eefb9118}: <clinit>> (0x00000000eefb9118) thrown at [./src/hotspot/share/prims/jni.cpp, line 1367]
Event: 37.989 Thread 0x000001ecc44e2000 Exception <a 'java/lang/NoSuchMethodError'{0x00000000eefbb140}: <clinit>> (0x00000000eefbb140) thrown at [./src/hotspot/share/prims/jni.cpp, line 1367]
Event: 38.026 Thread 0x000001ecc44df000 Exception <a 'java/lang/NoSuchMethodError'{0x00000000eee75868}: 'void java.lang.invoke.DirectMethodHandle$Holder.invokeStatic(java.lang.Object, long)'> (0x00000000eee75868) thrown at [./src/hotspot/share/interpreter/linkResolver.cpp, line 773]
Event: 38.027 Thread 0x000001ecc44df000 Exception <a 'java/lang/NoSuchMethodError'{0x00000000eee7a698}: 'java.lang.Object java.lang.invoke.DirectMethodHandle$Holder.invokeStatic(java.lang.Object, long)'> (0x00000000eee7a698) thrown at [./src/hotspot/share/interpreter/linkResolver.cpp, line 773]
Event: 38.027 Thread 0x000001ecc44df000 Exception <a 'java/lang/NoSuchMethodError'{0x00000000eee7d9c0}: 'java.lang.Object java.lang.invoke.DirectMethodHandle$Holder.invokeSpecial(java.lang.Object, java.lang.Object, long)'> (0x00000000eee7d9c0) thrown at [./src/hotspot/share/interpreter/linkResolver.cpp, line 773]
Event: 38.028 Thread 0x000001ecc44df000 Exception <a 'java/lang/NoSuchMethodError'{0x00000000eee80728}: 'java.lang.Object java.lang.invoke.Invokers$Holder.linkToTargetMethod(long, java.lang.Object)'> (0x00000000eee80728) thrown at [./src/hotspot/share/interpreter/linkResolver.cpp, line 773]
Event: 38.030 Thread 0x000001ecc44df000 Exception <a 'java/lang/NoSuchMethodError'{0x00000000eee85808}: 'java.lang.Object java.lang.invoke.DirectMethodHandle$Holder.invokeStatic(java.lang.Object, java.lang.Object, long, java.lang.Object)'> (0x00000000eee85808) thrown at [./src/hotspot/share/interpreter/linkResolver.cpp, line 773]
Event: 38.035 Thread 0x000001ecc44df000 Exception <a 'java/lang/NoSuchMethodError'{0x00000000eee88c30}: 'java.lang.Object java.lang.invoke.DirectMethodHandle$Holder.invokeStaticInit(java.lang.Object, java.lang.Object, long, java.lang.Object)'> (0x00000000eee88c30) thrown at [./src/hotspot/share/interpreter/linkResolver.cpp, line 773]

Events (20 events):
Event: 40.282 Executing VM operation: RevokeBias
Event: 40.282 Executing VM operation: RevokeBias done
Event: 40.282 Executing VM operation: RevokeBias
Event: 40.283 Executing VM operation: RevokeBias done
Event: 40.283 Executing VM operation: RevokeBias
Event: 40.283 Executing VM operation: RevokeBias done
Event: 40.283 Executing VM operation: RevokeBias
Event: 40.283 Executing VM operation: RevokeBias done
Event: 40.283 Executing VM operation: RevokeBias
Event: 40.284 Executing VM operation: RevokeBias done
Event: 41.135 loading class org/gradle/api/internal/tasks/testing/logging/JavaClassNameFormatter
Event: 41.135 loading class org/gradle/api/internal/tasks/testing/logging/JavaClassNameFormatter done
Event: 41.352 loading class org/gradle/api/internal/tasks/testing/operations/TestListenerBuildOperationAdapter$OutputProgress
Event: 41.352 loading class org/gradle/api/internal/tasks/testing/operations/TestListenerBuildOperationAdapter$OutputProgress done
Event: 41.352 loading class org/gradle/api/internal/tasks/testing/operations/ExecuteTestBuildOperationType$Output
Event: 41.352 loading class org/gradle/api/internal/tasks/testing/operations/ExecuteTestBuildOperationType$Output done
Event: 41.353 loading class org/gradle/api/internal/tasks/testing/junit/result/TestOutputStore$TestCaseRegion
Event: 41.353 loading class org/gradle/api/internal/tasks/testing/junit/result/TestOutputStore$TestCaseRegion done
Event: 41.354 loading class org/gradle/api/internal/tasks/testing/junit/result/TestOutputStore$Region
Event: 41.354 loading class org/gradle/api/internal/tasks/testing/junit/result/TestOutputStore$Region done


Dynamic libraries:
0x00007ff736170000 - 0x00007ff73617d000 	C:\Users\Emi\.jdks\corretto-11.0.18\bin\java.exe
0x00007ffd1e110000 - 0x00007ffd1e308000 	C:\Windows\SYSTEM32\ntdll.dll
0x00007ffd1d9c0000 - 0x00007ffd1da7f000 	C:\Windows\System32\KERNEL32.DLL
0x00007ffd1ba50000 - 0x00007ffd1bd22000 	C:\Windows\System32\KERNELBASE.dll
0x00007ffd1bf10000 - 0x00007ffd1c010000 	C:\Windows\System32\ucrtbase.dll
0x00007ffd13920000 - 0x00007ffd13937000 	C:\Users\Emi\.jdks\corretto-11.0.18\bin\jli.dll
0x00007ffd13890000 - 0x00007ffd138a9000 	C:\Users\Emi\.jdks\corretto-11.0.18\bin\VCRUNTIME140.dll
0x00007ffd1de70000 - 0x00007ffd1e011000 	C:\Windows\System32\USER32.dll
0x00007ffd1bd30000 - 0x00007ffd1bd52000 	C:\Windows\System32\win32u.dll
0x00007ffd0be10000 - 0x00007ffd0c0aa000 	C:\Windows\WinSxS\amd64_microsoft.windows.common-controls_6595b64144ccf1df_6.0.19041.1110_none_60b5254171f9507e\COMCTL32.dll
0x00007ffd1de40000 - 0x00007ffd1de6b000 	C:\Windows\System32\GDI32.dll
0x00007ffd1ce50000 - 0x00007ffd1ceee000 	C:\Windows\System32\msvcrt.dll
0x00007ffd1c010000 - 0x00007ffd1c11f000 	C:\Windows\System32\gdi32full.dll
0x00007ffd1b960000 - 0x00007ffd1b9fd000 	C:\Windows\System32\msvcp_win.dll
0x00007ffd1d180000 - 0x00007ffd1d1b2000 	C:\Windows\System32\IMM32.DLL
0x00007ffd0b790000 - 0x00007ffd0b82b000 	C:\Users\Emi\.jdks\corretto-11.0.18\bin\msvcp140.dll
0x00007ffce63b0000 - 0x00007ffce6f3a000 	C:\Users\Emi\.jdks\corretto-11.0.18\bin\server\jvm.dll
0x00007ffd1cef0000 - 0x00007ffd1cf9e000 	C:\Windows\System32\ADVAPI32.dll
0x00007ffd1d360000 - 0x00007ffd1d3fc000 	C:\Windows\System32\sechost.dll
0x00007ffd1d6e0000 - 0x00007ffd1d805000 	C:\Windows\System32\RPCRT4.dll
0x00007ffd1d610000 - 0x00007ffd1d618000 	C:\Windows\System32\PSAPI.DLL
0x00007ffd0cc20000 - 0x00007ffd0cc29000 	C:\Windows\SYSTEM32\WSOCK32.dll
0x00007ffd1d090000 - 0x00007ffd1d0fb000 	C:\Windows\System32\WS2_32.dll
0x00007ffd0cf90000 - 0x00007ffd0cf9a000 	C:\Windows\SYSTEM32\VERSION.dll
0x00007ffd08040000 - 0x00007ffd08067000 	C:\Windows\SYSTEM32\WINMM.dll
0x00007ffd196c0000 - 0x00007ffd196d2000 	C:\Windows\SYSTEM32\kernel.appcore.dll
0x00007ffd14910000 - 0x00007ffd14920000 	C:\Users\Emi\.jdks\corretto-11.0.18\bin\verify.dll
0x00007ffd089f0000 - 0x00007ffd08bd4000 	C:\Windows\SYSTEM32\DBGHELP.DLL
0x00007ffd07080000 - 0x00007ffd070b5000 	C:\Windows\SYSTEM32\dbgcore.DLL
0x00007ffd1be80000 - 0x00007ffd1bf02000 	C:\Windows\System32\bcryptPrimitives.dll
0x00007ffd0d6d0000 - 0x00007ffd0d6f8000 	C:\Users\Emi\.jdks\corretto-11.0.18\bin\java.dll
0x00007ffd13fb0000 - 0x00007ffd13fba000 	C:\Users\Emi\.jdks\corretto-11.0.18\bin\jimage.dll
0x00007ffd12380000 - 0x00007ffd12398000 	C:\Users\Emi\.jdks\corretto-11.0.18\bin\zip.dll
0x00007ffd1c700000 - 0x00007ffd1ce45000 	C:\Windows\System32\SHELL32.dll
0x00007ffd198c0000 - 0x00007ffd1a052000 	C:\Windows\SYSTEM32\windows.storage.dll
0x00007ffd1da80000 - 0x00007ffd1ddd5000 	C:\Windows\System32\combase.dll
0x00007ffd1b180000 - 0x00007ffd1b1b0000 	C:\Windows\SYSTEM32\Wldp.dll
0x00007ffd1d620000 - 0x00007ffd1d6cd000 	C:\Windows\System32\SHCORE.dll
0x00007ffd1d5b0000 - 0x00007ffd1d605000 	C:\Windows\System32\shlwapi.dll
0x00007ffd1b740000 - 0x00007ffd1b75f000 	C:\Windows\SYSTEM32\profapi.dll
0x00007ffd0c9f0000 - 0x00007ffd0ca09000 	C:\Users\Emi\.jdks\corretto-11.0.18\bin\net.dll
0x00007ffd0f590000 - 0x00007ffd0f69c000 	C:\Windows\SYSTEM32\WINHTTP.dll
0x00007ffd1aee0000 - 0x00007ffd1af4a000 	C:\Windows\system32\mswsock.dll
0x00007ffd0c920000 - 0x00007ffd0c933000 	C:\Users\Emi\.jdks\corretto-11.0.18\bin\nio.dll
0x00007ffd0ccd0000 - 0x00007ffd0ccf7000 	C:\Users\Emi\.gradle\native\68d5fa5c4cc2d200863cafc0d521ce42e7d3e7ee720ec0a83991735586a16f82\windows-amd64\native-platform.dll
0x00007ffce6f40000 - 0x00007ffce7084000 	C:\Users\Emi\.gradle\native\e376f236ea51e6404a007f0833ffe2c6e607c4080706a723a18a27aeea778392\windows-amd64\native-platform-file-events.dll
0x00007ffd13910000 - 0x00007ffd13919000 	C:\Users\Emi\.jdks\corretto-11.0.18\bin\management.dll
0x00007ffd10880000 - 0x00007ffd1088b000 	C:\Users\Emi\.jdks\corretto-11.0.18\bin\management_ext.dll
0x00007ffd1b0d0000 - 0x00007ffd1b0e8000 	C:\Windows\SYSTEM32\CRYPTSP.dll
0x00007ffd1a800000 - 0x00007ffd1a834000 	C:\Windows\system32\rsaenh.dll
0x00007ffd1c120000 - 0x00007ffd1c147000 	C:\Windows\System32\bcrypt.dll
0x00007ffd1b700000 - 0x00007ffd1b72e000 	C:\Windows\SYSTEM32\USERENV.dll
0x00007ffd1b0f0000 - 0x00007ffd1b0fc000 	C:\Windows\SYSTEM32\CRYPTBASE.dll
0x00007ffd1abd0000 - 0x00007ffd1ac0b000 	C:\Windows\SYSTEM32\IPHLPAPI.DLL
0x00007ffd1d6d0000 - 0x00007ffd1d6d8000 	C:\Windows\System32\NSI.dll
0x00007ffd10b90000 - 0x00007ffd10ba7000 	C:\Windows\SYSTEM32\dhcpcsvc6.DLL
0x00007ffd12250000 - 0x00007ffd1226d000 	C:\Windows\SYSTEM32\dhcpcsvc.DLL
0x00007ffd1ac10000 - 0x00007ffd1acdb000 	C:\Windows\SYSTEM32\DNSAPI.dll

dbghelp: loaded successfully - version: 4.0.5 - missing functions: none
symbol engine: initialized successfully - sym options: 0x614 - pdb path: .;C:\Users\Emi\.jdks\corretto-11.0.18\bin;C:\Windows\SYSTEM32;C:\Windows\WinSxS\amd64_microsoft.windows.common-controls_6595b64144ccf1df_6.0.19041.1110_none_60b5254171f9507e;C:\Users\Emi\.jdks\corretto-11.0.18\bin\server;C:\Users\Emi\.gradle\native\68d5fa5c4cc2d200863cafc0d521ce42e7d3e7ee720ec0a83991735586a16f82\windows-amd64;C:\Users\Emi\.gradle\native\e376f236ea51e6404a007f0833ffe2c6e607c4080706a723a18a27aeea778392\windows-amd64

VM Arguments:
jvm_args: --add-opens=java.base/java.util=ALL-UNNAMED --add-opens=java.base/java.lang=ALL-UNNAMED --add-opens=java.base/java.lang.invoke=ALL-UNNAMED --add-opens=java.prefs/java.util.prefs=ALL-UNNAMED --add-opens=java.base/java.nio.charset=ALL-UNNAMED --add-opens=java.base/java.net=ALL-UNNAMED --add-opens=java.base/java.util.concurrent.atomic=ALL-UNNAMED -XX:MaxMetaspaceSize=256m -XX:+HeapDumpOnOutOfMemoryError -Xms256m -Xmx512m -Dfile.encoding=windows-1252 -Duser.country=MX -Duser.language=es -Duser.variant 
java_command: org.gradle.launcher.daemon.bootstrap.GradleDaemon 7.6
java_class_path (initial): C:\Users\Emi\.gradle\wrapper\dists\gradle-7.6-bin\9l9tetv7ltxvx3i8an4pb86ye\gradle-7.6\lib\gradle-launcher-7.6.jar
Launcher Type: SUN_STANDARD

[Global flags]
     intx CICompilerCount                          = 3                                         {product} {ergonomic}
   size_t CompressedClassSpaceSize                 = 260046848                                 {product} {ergonomic}
     uint ConcGCThreads                            = 1                                         {product} {ergonomic}
     uint G1ConcRefinementThreads                  = 4                                         {product} {ergonomic}
   size_t G1HeapRegionSize                         = 1048576                                   {product} {ergonomic}
    uintx GCDrainStackTargetSize                   = 64                                        {product} {ergonomic}
     bool HeapDumpOnOutOfMemoryError               = true                                   {manageable} {command line}
   size_t InitialHeapSize                          = 268435456                                 {product} {command line}
   size_t MarkStackSize                            = 4194304                                   {product} {ergonomic}
   size_t MaxHeapSize                              = 536870912                                 {product} {command line}
   size_t MaxMetaspaceSize                         = 268435456                                 {product} {command line}
   size_t MaxNewSize                               = 321912832                                 {product} {ergonomic}
   size_t MinHeapDeltaBytes                        = 1048576                                   {product} {ergonomic}
    uintx NonNMethodCodeHeapSize                   = 5830732                                {pd product} {ergonomic}
    uintx NonProfiledCodeHeapSize                  = 122913754                              {pd product} {ergonomic}
    uintx ProfiledCodeHeapSize                     = 122913754                              {pd product} {ergonomic}
    uintx ReservedCodeCacheSize                    = 251658240                              {pd product} {ergonomic}
     bool SegmentedCodeCache                       = true                                      {product} {ergonomic}
     bool UseCompressedClassPointers               = true                                 {lp64_product} {ergonomic}
     bool UseCompressedOops                        = true                                 {lp64_product} {ergonomic}
     bool UseG1GC                                  = true                                      {product} {ergonomic}
     bool UseLargePagesIndividualAllocation        = false                                  {pd product} {ergonomic}

Logging:
Log output configuration:
 #0: stdout all=warning uptime,level,tags
 #1: stderr all=off uptime,level,tags

Environment Variables:
PATH=C:\Program Files\Common Files\Oracle\Java\javapath;C:\Program Files (x86)\Common Files\Intel\Shared Libraries\redist\intel64\compiler;C:\Windows\system32;C:\Windows;C:\Windows\System32\Wbem;C:\Windows\System32\WindowsPowerShell\v1.0\;C:\Windows\System32\OpenSSH\;C:\Program Files (x86)\QuickTime\QTSystem\;C:\Program Files\nodejs\;C:\Program Files\Git\cmd;C:\Users\Emi\.jdk\jdk-18.0.2\bin;C:\Program Files\MySQL\MySQL Shell 8.0\bin\;C:\Users\Emi\AppData\Local\Microsoft\WindowsApps;C:\Users\Emi\AppData\Local\Programs\Microsoft VS Code\bin;C:\Users\Emi\AppData\Roaming\npm;C:\Program Files\JetBrains\IntelliJ IDEA Community Edition 2022.2\bin;
USERNAME=Emi
OS=Windows_NT
PROCESSOR_IDENTIFIER=Intel64 Family 6 Model 61 Stepping 4, GenuineIntel
TMP=C:\Users\Emi\AppData\Local\Temp
TEMP=C:\Users\Emi\AppData\Local\Temp



---------------  S Y S T E M  ---------------

OS: Windows 10 , 64 bit Build 19041 (10.0.19041.2546)
OS uptime: 30 days 15:06 hours

CPU:total 4 (initial active 4) (2 cores per cpu, 2 threads per core) family 6 model 61 stepping 4 microcode 0x2d, cmov, cx8, fxsr, mmx, sse, sse2, sse3, ssse3, sse4.1, sse4.2, popcnt, avx, avx2, aes, clmul, erms, 3dnowpref, lzcnt, ht, tsc, tscinvbit, bmi1, bmi2, adx, fma

Memory: 4k page, system-wide physical 8105M (262M free)
TotalPageFile size 16297M (AvailPageFile size 1M)
current process WorkingSet (physical memory assigned to process): 403M, peak: 433M
current process commit charge ("private bytes"): 494M, peak: 516M

vm_info: OpenJDK 64-Bit Server VM (11.0.18+10-LTS) for windows-amd64 JRE (11.0.18+10-LTS), built on Jan 10 2023 20:17:52 by "Administrator" with MS VC++ 15.9 (VS2017)

END.
